{"/app/frontend/postcss.config.js": {"path":"/app/frontend/postcss.config.js","all":true,"statementMap":{"0":{"start":{"line":1,"column":0},"end":{"line":1,"column":16}},"1":{"start":{"line":2,"column":0},"end":{"line":2,"column":12}},"2":{"start":{"line":3,"column":0},"end":{"line":3,"column":31}},"3":{"start":{"line":4,"column":0},"end":{"line":4,"column":4}},"4":{"start":{"line":5,"column":0},"end":{"line":5,"column":1}}},"s":{"0":0,"1":0,"2":0,"3":0,"4":0},"branchMap":{"0":{"type":"branch","line":1,"loc":{"start":{"line":1,"column":68},"end":{"line":5,"column":1}},"locations":[{"start":{"line":1,"column":68},"end":{"line":5,"column":1}}]}},"b":{"0":[0]},"fnMap":{"0":{"name":"(empty-report)","decl":{"start":{"line":1,"column":68},"end":{"line":5,"column":1}},"loc":{"start":{"line":1,"column":68},"end":{"line":5,"column":1}},"line":1}},"f":{"0":0}}
,"/app/frontend/src/App.jsx": {"path":"/app/frontend/src/App.jsx","all":true,"statementMap":{"0":{"start":{"line":1,"column":0},"end":{"line":1,"column":26}},"1":{"start":{"line":2,"column":0},"end":{"line":2,"column":78}},"2":{"start":{"line":3,"column":0},"end":{"line":3,"column":42}},"3":{"start":{"line":4,"column":0},"end":{"line":4,"column":52}},"4":{"start":{"line":5,"column":0},"end":{"line":5,"column":46}},"5":{"start":{"line":6,"column":0},"end":{"line":6,"column":48}},"6":{"start":{"line":7,"column":0},"end":{"line":7,"column":41}},"7":{"start":{"line":8,"column":0},"end":{"line":8,"column":42}},"8":{"start":{"line":9,"column":0},"end":{"line":9,"column":38}},"9":{"start":{"line":10,"column":0},"end":{"line":10,"column":63}},"10":{"start":{"line":11,"column":0},"end":{"line":11,"column":40}},"11":{"start":{"line":12,"column":0},"end":{"line":12,"column":46}},"12":{"start":{"line":13,"column":0},"end":{"line":13,"column":34}},"13":{"start":{"line":14,"column":0},"end":{"line":14,"column":40}},"14":{"start":{"line":15,"column":0},"end":{"line":15,"column":68}},"15":{"start":{"line":16,"column":0},"end":{"line":16,"column":67}},"16":{"start":{"line":17,"column":0},"end":{"line":17,"column":67}},"17":{"start":{"line":18,"column":0},"end":{"line":18,"column":64}},"18":{"start":{"line":19,"column":0},"end":{"line":19,"column":54}},"19":{"start":{"line":20,"column":0},"end":{"line":20,"column":57}},"20":{"start":{"line":21,"column":0},"end":{"line":21,"column":52}},"28":{"start":{"line":29,"column":0},"end":{"line":29,"column":27}},"29":{"start":{"line":30,"column":0},"end":{"line":30,"column":50}},"30":{"start":{"line":31,"column":0},"end":{"line":31,"column":59}},"31":{"start":{"line":32,"column":0},"end":{"line":32,"column":25}},"33":{"start":{"line":34,"column":0},"end":{"line":34,"column":45}},"35":{"start":{"line":36,"column":0},"end":{"line":36,"column":67}},"36":{"start":{"line":37,"column":0},"end":{"line":37,"column":75}},"38":{"start":{"line":39,"column":0},"end":{"line":39,"column":35}},"39":{"start":{"line":40,"column":0},"end":{"line":40,"column":1}},"41":{"start":{"line":42,"column":0},"end":{"line":42,"column":26}},"42":{"start":{"line":43,"column":0},"end":{"line":43,"column":23}},"43":{"start":{"line":44,"column":0},"end":{"line":44,"column":22}},"44":{"start":{"line":45,"column":0},"end":{"line":45,"column":22}},"45":{"start":{"line":46,"column":0},"end":{"line":46,"column":21}},"46":{"start":{"line":47,"column":0},"end":{"line":47,"column":11}},"47":{"start":{"line":48,"column":0},"end":{"line":48,"column":13}},"48":{"start":{"line":49,"column":0},"end":{"line":49,"column":2}},"55":{"start":{"line":56,"column":0},"end":{"line":56,"column":31}},"56":{"start":{"line":57,"column":0},"end":{"line":57,"column":41}},"57":{"start":{"line":58,"column":0},"end":{"line":58,"column":33}},"59":{"start":{"line":60,"column":0},"end":{"line":60,"column":66}},"61":{"start":{"line":62,"column":0},"end":{"line":62,"column":10}},"62":{"start":{"line":63,"column":0},"end":{"line":63,"column":57}},"63":{"start":{"line":64,"column":0},"end":{"line":64,"column":67}},"65":{"start":{"line":66,"column":0},"end":{"line":66,"column":12}},"66":{"start":{"line":67,"column":0},"end":{"line":67,"column":16}},"67":{"start":{"line":68,"column":0},"end":{"line":68,"column":56}},"68":{"start":{"line":69,"column":0},"end":{"line":69,"column":60}},"69":{"start":{"line":70,"column":0},"end":{"line":70,"column":65}},"70":{"start":{"line":71,"column":0},"end":{"line":71,"column":60}},"71":{"start":{"line":72,"column":0},"end":{"line":72,"column":59}},"72":{"start":{"line":73,"column":0},"end":{"line":73,"column":55}},"73":{"start":{"line":74,"column":0},"end":{"line":74,"column":105}},"74":{"start":{"line":75,"column":0},"end":{"line":75,"column":57}},"75":{"start":{"line":76,"column":0},"end":{"line":76,"column":64}},"76":{"start":{"line":77,"column":0},"end":{"line":77,"column":51}},"77":{"start":{"line":78,"column":0},"end":{"line":78,"column":57}},"78":{"start":{"line":79,"column":0},"end":{"line":79,"column":63}},"81":{"start":{"line":82,"column":0},"end":{"line":82,"column":74}},"82":{"start":{"line":83,"column":0},"end":{"line":83,"column":72}},"83":{"start":{"line":84,"column":0},"end":{"line":84,"column":72}},"84":{"start":{"line":85,"column":0},"end":{"line":85,"column":70}},"85":{"start":{"line":86,"column":0},"end":{"line":86,"column":70}},"86":{"start":{"line":87,"column":0},"end":{"line":87,"column":72}},"88":{"start":{"line":89,"column":0},"end":{"line":89,"column":17}},"89":{"start":{"line":90,"column":0},"end":{"line":90,"column":13}},"90":{"start":{"line":91,"column":0},"end":{"line":91,"column":10}},"92":{"start":{"line":93,"column":0},"end":{"line":93,"column":1}}},"s":{"0":0,"1":0,"2":0,"3":0,"4":0,"5":0,"6":0,"7":0,"8":0,"9":0,"10":0,"11":0,"12":0,"13":0,"14":0,"15":0,"16":0,"17":0,"18":0,"19":0,"20":0,"28":0,"29":0,"30":0,"31":0,"33":0,"35":0,"36":0,"38":0,"39":0,"41":0,"42":0,"43":0,"44":0,"45":0,"46":0,"47":0,"48":0,"55":0,"56":0,"57":0,"59":0,"61":0,"62":0,"63":0,"65":0,"66":0,"67":0,"68":0,"69":0,"70":0,"71":0,"72":0,"73":0,"74":0,"75":0,"76":0,"77":0,"78":0,"81":0,"82":0,"83":0,"84":0,"85":0,"86":0,"88":0,"89":0,"90":0,"92":0},"branchMap":{"0":{"type":"branch","line":1,"loc":{"start":{"line":1,"column":3553},"end":{"line":93,"column":1}},"locations":[{"start":{"line":1,"column":3553},"end":{"line":93,"column":1}}]}},"b":{"0":[0]},"fnMap":{"0":{"name":"(empty-report)","decl":{"start":{"line":1,"column":3553},"end":{"line":93,"column":1}},"loc":{"start":{"line":1,"column":3553},"end":{"line":93,"column":1}},"line":1}},"f":{"0":0}}
,"/app/frontend/src/main.jsx": {"path":"/app/frontend/src/main.jsx","all":true,"statementMap":{"1":{"start":{"line":2,"column":0},"end":{"line":2,"column":26}},"2":{"start":{"line":3,"column":0},"end":{"line":3,"column":40}},"3":{"start":{"line":4,"column":0},"end":{"line":4,"column":49}},"4":{"start":{"line":5,"column":0},"end":{"line":5,"column":24}},"5":{"start":{"line":6,"column":0},"end":{"line":6,"column":21}},"6":{"start":{"line":7,"column":0},"end":{"line":7,"column":53}},"8":{"start":{"line":9,"column":0},"end":{"line":9,"column":73}},"9":{"start":{"line":10,"column":0},"end":{"line":10,"column":38}},"11":{"start":{"line":12,"column":0},"end":{"line":12,"column":60}},"12":{"start":{"line":13,"column":0},"end":{"line":13,"column":20}},"13":{"start":{"line":14,"column":0},"end":{"line":14,"column":19}},"14":{"start":{"line":15,"column":0},"end":{"line":15,"column":21}},"15":{"start":{"line":16,"column":0},"end":{"line":16,"column":50}},"16":{"start":{"line":17,"column":0},"end":{"line":17,"column":17}},"17":{"start":{"line":18,"column":0},"end":{"line":18,"column":30}},"18":{"start":{"line":19,"column":0},"end":{"line":19,"column":22}},"19":{"start":{"line":20,"column":0},"end":{"line":20,"column":20}},"20":{"start":{"line":21,"column":0},"end":{"line":21,"column":21}},"21":{"start":{"line":22,"column":0},"end":{"line":22,"column":2}}},"s":{"1":0,"2":0,"3":0,"4":0,"5":0,"6":0,"8":0,"9":0,"11":0,"12":0,"13":0,"14":0,"15":0,"16":0,"17":0,"18":0,"19":0,"20":0,"21":0},"branchMap":{"0":{"type":"branch","line":1,"loc":{"start":{"line":1,"column":544},"end":{"line":22,"column":-406}},"locations":[{"start":{"line":1,"column":544},"end":{"line":22,"column":-406}}]}},"b":{"0":[1]},"fnMap":{"0":{"name":"(empty-report)","decl":{"start":{"line":1,"column":544},"end":{"line":22,"column":-406}},"loc":{"start":{"line":1,"column":544},"end":{"line":22,"column":-406}},"line":1}},"f":{"0":1}}
,"/app/frontend/src/api/attendance.js": {"path":"/app/frontend/src/api/attendance.js","all":true,"statementMap":{"0":{"start":{"line":1,"column":0},"end":{"line":1,"column":32}},"2":{"start":{"line":3,"column":0},"end":{"line":3,"column":37}},"3":{"start":{"line":4,"column":0},"end":{"line":4,"column":12}},"4":{"start":{"line":5,"column":0},"end":{"line":5,"column":18}},"5":{"start":{"line":6,"column":0},"end":{"line":6,"column":15}},"6":{"start":{"line":7,"column":0},"end":{"line":7,"column":6}},"7":{"start":{"line":8,"column":0},"end":{"line":8,"column":42}},"8":{"start":{"line":9,"column":0},"end":{"line":9,"column":51}},"9":{"start":{"line":10,"column":0},"end":{"line":10,"column":41}},"11":{"start":{"line":12,"column":0},"end":{"line":12,"column":7}},"12":{"start":{"line":13,"column":0},"end":{"line":13,"column":56}},"13":{"start":{"line":14,"column":0},"end":{"line":14,"column":12}},"14":{"start":{"line":15,"column":0},"end":{"line":15,"column":34}},"15":{"start":{"line":16,"column":0},"end":{"line":16,"column":7}},"17":{"start":{"line":18,"column":0},"end":{"line":18,"column":50}},"18":{"start":{"line":19,"column":0},"end":{"line":19,"column":34}},"19":{"start":{"line":20,"column":0},"end":{"line":20,"column":17}},"20":{"start":{"line":21,"column":0},"end":{"line":21,"column":18}},"21":{"start":{"line":22,"column":0},"end":{"line":22,"column":26}},"22":{"start":{"line":23,"column":0},"end":{"line":23,"column":39}},"23":{"start":{"line":24,"column":0},"end":{"line":24,"column":6}},"24":{"start":{"line":25,"column":0},"end":{"line":25,"column":3}},"25":{"start":{"line":26,"column":0},"end":{"line":26,"column":2}}},"s":{"0":0,"2":0,"3":0,"4":0,"5":0,"6":0,"7":0,"8":0,"9":0,"11":0,"12":0,"13":0,"14":0,"15":0,"17":0,"18":0,"19":0,"20":0,"21":0,"22":0,"23":0,"24":0,"25":0},"branchMap":{"0":{"type":"branch","line":1,"loc":{"start":{"line":1,"column":590},"end":{"line":26,"column":2}},"locations":[{"start":{"line":1,"column":590},"end":{"line":26,"column":2}}]}},"b":{"0":[0]},"fnMap":{"0":{"name":"(empty-report)","decl":{"start":{"line":1,"column":590},"end":{"line":26,"column":2}},"loc":{"start":{"line":1,"column":590},"end":{"line":26,"column":2}},"line":1}},"f":{"0":0}}
,"/app/frontend/src/api/auth.js": {"path":"/app/frontend/src/api/auth.js","all":true,"statementMap":{"0":{"start":{"line":1,"column":0},"end":{"line":1,"column":32}},"2":{"start":{"line":3,"column":0},"end":{"line":3,"column":50}},"3":{"start":{"line":4,"column":0},"end":{"line":4,"column":52}},"4":{"start":{"line":5,"column":0},"end":{"line":5,"column":22}},"5":{"start":{"line":6,"column":0},"end":{"line":6,"column":18}},"6":{"start":{"line":7,"column":0},"end":{"line":7,"column":2}},"8":{"start":{"line":9,"column":0},"end":{"line":9,"column":45}},"9":{"start":{"line":10,"column":0},"end":{"line":10,"column":7}},"10":{"start":{"line":11,"column":0},"end":{"line":11,"column":42}},"11":{"start":{"line":12,"column":0},"end":{"line":12,"column":35}},"12":{"start":{"line":13,"column":0},"end":{"line":13,"column":20}},"13":{"start":{"line":14,"column":0},"end":{"line":14,"column":11}},"14":{"start":{"line":15,"column":0},"end":{"line":15,"column":9}},"15":{"start":{"line":16,"column":0},"end":{"line":16,"column":52}},"16":{"start":{"line":17,"column":0},"end":{"line":17,"column":60}},"17":{"start":{"line":18,"column":0},"end":{"line":18,"column":13}},"18":{"start":{"line":19,"column":0},"end":{"line":19,"column":18}},"19":{"start":{"line":20,"column":0},"end":{"line":20,"column":5}},"20":{"start":{"line":21,"column":0},"end":{"line":21,"column":3}},"21":{"start":{"line":22,"column":0},"end":{"line":22,"column":2}}},"s":{"0":0,"2":0,"3":0,"4":0,"5":0,"6":0,"8":0,"9":0,"10":0,"11":0,"12":0,"13":0,"14":0,"15":0,"16":0,"17":0,"18":0,"19":0,"20":0,"21":0},"branchMap":{"0":{"type":"branch","line":1,"loc":{"start":{"line":1,"column":519},"end":{"line":22,"column":2}},"locations":[{"start":{"line":1,"column":519},"end":{"line":22,"column":2}}]}},"b":{"0":[0]},"fnMap":{"0":{"name":"(empty-report)","decl":{"start":{"line":1,"column":519},"end":{"line":22,"column":2}},"loc":{"start":{"line":1,"column":519},"end":{"line":22,"column":2}},"line":1}},"f":{"0":0}}
,"/app/frontend/src/api/axiosClient.js": {"path":"/app/frontend/src/api/axiosClient.js","all":true,"statementMap":{"0":{"start":{"line":1,"column":0},"end":{"line":1,"column":26}},"2":{"start":{"line":3,"column":0},"end":{"line":3,"column":26}},"3":{"start":{"line":4,"column":0},"end":{"line":4,"column":40}},"4":{"start":{"line":5,"column":0},"end":{"line":5,"column":24}},"5":{"start":{"line":6,"column":0},"end":{"line":6,"column":3}},"7":{"start":{"line":8,"column":0},"end":{"line":8,"column":42}},"8":{"start":{"line":9,"column":0},"end":{"line":9,"column":46}},"9":{"start":{"line":10,"column":0},"end":{"line":10,"column":14}},"10":{"start":{"line":11,"column":0},"end":{"line":11,"column":53}},"11":{"start":{"line":12,"column":0},"end":{"line":12,"column":3}},"12":{"start":{"line":13,"column":0},"end":{"line":13,"column":16}},"13":{"start":{"line":14,"column":0},"end":{"line":14,"column":3}},"15":{"start":{"line":16,"column":0},"end":{"line":16,"column":19}}},"s":{"0":0,"2":0,"3":0,"4":0,"5":0,"7":0,"8":0,"9":0,"10":0,"11":0,"12":0,"13":0,"15":0},"branchMap":{"0":{"type":"branch","line":1,"loc":{"start":{"line":1,"column":330},"end":{"line":16,"column":19}},"locations":[{"start":{"line":1,"column":330},"end":{"line":16,"column":19}}]}},"b":{"0":[0]},"fnMap":{"0":{"name":"(empty-report)","decl":{"start":{"line":1,"column":330},"end":{"line":16,"column":19}},"loc":{"start":{"line":1,"column":330},"end":{"line":16,"column":19}},"line":1}},"f":{"0":0}}
,"/app/frontend/src/api/schedule.js": {"path":"/app/frontend/src/api/schedule.js","all":true,"statementMap":{"0":{"start":{"line":1,"column":0},"end":{"line":1,"column":32}},"2":{"start":{"line":3,"column":0},"end":{"line":3,"column":40}},"3":{"start":{"line":4,"column":0},"end":{"line":4,"column":41}},"4":{"start":{"line":5,"column":0},"end":{"line":5,"column":18}},"5":{"start":{"line":6,"column":0},"end":{"line":6,"column":2}},"7":{"start":{"line":8,"column":0},"end":{"line":8,"column":50}},"8":{"start":{"line":9,"column":0},"end":{"line":9,"column":50}},"9":{"start":{"line":10,"column":0},"end":{"line":10,"column":18}},"10":{"start":{"line":11,"column":0},"end":{"line":11,"column":2}}},"s":{"0":0,"2":0,"3":0,"4":0,"5":0,"7":0,"8":0,"9":0,"10":0},"branchMap":{"0":{"type":"branch","line":1,"loc":{"start":{"line":1,"column":263},"end":{"line":11,"column":2}},"locations":[{"start":{"line":1,"column":263},"end":{"line":11,"column":2}}]}},"b":{"0":[0]},"fnMap":{"0":{"name":"(empty-report)","decl":{"start":{"line":1,"column":263},"end":{"line":11,"column":2}},"loc":{"start":{"line":1,"column":263},"end":{"line":11,"column":2}},"line":1}},"f":{"0":0}}
,"/app/frontend/src/api/settings.js": {"path":"/app/frontend/src/api/settings.js","all":true,"statementMap":{"0":{"start":{"line":1,"column":0},"end":{"line":1,"column":32}},"2":{"start":{"line":3,"column":0},"end":{"line":3,"column":40}},"3":{"start":{"line":4,"column":0},"end":{"line":4,"column":41}},"4":{"start":{"line":5,"column":0},"end":{"line":5,"column":18}},"5":{"start":{"line":6,"column":0},"end":{"line":6,"column":2}},"7":{"start":{"line":8,"column":0},"end":{"line":8,"column":49}},"8":{"start":{"line":9,"column":0},"end":{"line":9,"column":52}},"9":{"start":{"line":10,"column":0},"end":{"line":10,"column":18}},"10":{"start":{"line":11,"column":0},"end":{"line":11,"column":2}},"12":{"start":{"line":13,"column":0},"end":{"line":13,"column":45}},"13":{"start":{"line":14,"column":0},"end":{"line":14,"column":30}},"14":{"start":{"line":15,"column":0},"end":{"line":15,"column":28}},"16":{"start":{"line":17,"column":0},"end":{"line":17,"column":63}},"17":{"start":{"line":18,"column":0},"end":{"line":18,"column":14}},"18":{"start":{"line":19,"column":0},"end":{"line":19,"column":44}},"19":{"start":{"line":20,"column":0},"end":{"line":20,"column":6}},"20":{"start":{"line":21,"column":0},"end":{"line":21,"column":5}},"22":{"start":{"line":23,"column":0},"end":{"line":23,"column":18}},"23":{"start":{"line":24,"column":0},"end":{"line":24,"column":2}},"25":{"start":{"line":26,"column":0},"end":{"line":26,"column":46}},"26":{"start":{"line":27,"column":0},"end":{"line":27,"column":63}},"27":{"start":{"line":28,"column":0},"end":{"line":28,"column":18}},"28":{"start":{"line":29,"column":0},"end":{"line":29,"column":2}}},"s":{"0":0,"2":0,"3":0,"4":0,"5":0,"7":0,"8":0,"9":0,"10":0,"12":0,"13":0,"14":0,"16":0,"17":0,"18":0,"19":0,"20":0,"22":0,"23":0,"25":0,"26":0,"27":0,"28":0},"branchMap":{"0":{"type":"branch","line":1,"loc":{"start":{"line":1,"column":666},"end":{"line":29,"column":2}},"locations":[{"start":{"line":1,"column":666},"end":{"line":29,"column":2}}]}},"b":{"0":[0]},"fnMap":{"0":{"name":"(empty-report)","decl":{"start":{"line":1,"column":666},"end":{"line":29,"column":2}},"loc":{"start":{"line":1,"column":666},"end":{"line":29,"column":2}},"line":1}},"f":{"0":0}}
,"/app/frontend/src/api/students.js": {"path":"/app/frontend/src/api/students.js","all":true,"statementMap":{"0":{"start":{"line":1,"column":0},"end":{"line":1,"column":31}},"1":{"start":{"line":2,"column":0},"end":{"line":2,"column":64}},"3":{"start":{"line":4,"column":0},"end":{"line":4,"column":57}},"4":{"start":{"line":5,"column":0},"end":{"line":5,"column":62}},"5":{"start":{"line":6,"column":0},"end":{"line":6,"column":18}},"6":{"start":{"line":7,"column":0},"end":{"line":7,"column":2}},"8":{"start":{"line":9,"column":0},"end":{"line":9,"column":50}},"9":{"start":{"line":10,"column":0},"end":{"line":10,"column":52}},"10":{"start":{"line":11,"column":0},"end":{"line":11,"column":18}},"11":{"start":{"line":12,"column":0},"end":{"line":12,"column":1}},"13":{"start":{"line":14,"column":0},"end":{"line":14,"column":44}},"14":{"start":{"line":15,"column":0},"end":{"line":15,"column":53}},"15":{"start":{"line":16,"column":0},"end":{"line":16,"column":18}},"16":{"start":{"line":17,"column":0},"end":{"line":17,"column":2}},"18":{"start":{"line":19,"column":0},"end":{"line":19,"column":48}},"19":{"start":{"line":20,"column":0},"end":{"line":20,"column":34}},"20":{"start":{"line":21,"column":0},"end":{"line":21,"column":32}},"22":{"start":{"line":23,"column":0},"end":{"line":23,"column":29}},"23":{"start":{"line":24,"column":0},"end":{"line":24,"column":30}},"24":{"start":{"line":25,"column":0},"end":{"line":25,"column":13}},"25":{"start":{"line":26,"column":0},"end":{"line":26,"column":54}},"26":{"start":{"line":27,"column":0},"end":{"line":27,"column":4}},"28":{"start":{"line":29,"column":0},"end":{"line":29,"column":18}},"29":{"start":{"line":30,"column":0},"end":{"line":30,"column":1}},"31":{"start":{"line":32,"column":0},"end":{"line":32,"column":51}},"32":{"start":{"line":33,"column":0},"end":{"line":33,"column":63}},"33":{"start":{"line":34,"column":0},"end":{"line":34,"column":18}},"34":{"start":{"line":35,"column":0},"end":{"line":35,"column":2}},"36":{"start":{"line":37,"column":0},"end":{"line":37,"column":57}},"37":{"start":{"line":38,"column":0},"end":{"line":38,"column":49}},"38":{"start":{"line":39,"column":0},"end":{"line":39,"column":35}},"39":{"start":{"line":40,"column":0},"end":{"line":40,"column":5}},"40":{"start":{"line":41,"column":0},"end":{"line":41,"column":2}},"42":{"start":{"line":43,"column":0},"end":{"line":43,"column":60}},"43":{"start":{"line":44,"column":0},"end":{"line":44,"column":75}},"44":{"start":{"line":45,"column":0},"end":{"line":45,"column":18}},"45":{"start":{"line":46,"column":0},"end":{"line":46,"column":2}}},"s":{"0":0,"1":0,"3":0,"4":0,"5":0,"6":0,"8":0,"9":0,"10":0,"11":0,"13":0,"14":0,"15":0,"16":0,"18":0,"19":0,"20":0,"22":0,"23":0,"24":0,"25":0,"26":0,"28":0,"29":0,"31":0,"32":0,"33":0,"34":0,"36":0,"37":0,"38":0,"39":0,"40":0,"42":0,"43":0,"44":0,"45":0},"branchMap":{"0":{"type":"branch","line":1,"loc":{"start":{"line":1,"column":1217},"end":{"line":46,"column":2}},"locations":[{"start":{"line":1,"column":1217},"end":{"line":46,"column":2}}]}},"b":{"0":[0]},"fnMap":{"0":{"name":"(empty-report)","decl":{"start":{"line":1,"column":1217},"end":{"line":46,"column":2}},"loc":{"start":{"line":1,"column":1217},"end":{"line":46,"column":2}},"line":1}},"f":{"0":0}}
,"/app/frontend/src/api/teacher.js": {"path":"/app/frontend/src/api/teacher.js","all":true,"statementMap":{"0":{"start":{"line":1,"column":0},"end":{"line":1,"column":31}},"2":{"start":{"line":3,"column":0},"end":{"line":3,"column":44}},"3":{"start":{"line":4,"column":0},"end":{"line":4,"column":64}},"4":{"start":{"line":5,"column":0},"end":{"line":5,"column":20}},"5":{"start":{"line":6,"column":0},"end":{"line":6,"column":2}},"7":{"start":{"line":8,"column":0},"end":{"line":8,"column":58}},"8":{"start":{"line":9,"column":0},"end":{"line":9,"column":83}},"9":{"start":{"line":10,"column":0},"end":{"line":10,"column":20}},"10":{"start":{"line":11,"column":0},"end":{"line":11,"column":2}},"12":{"start":{"line":13,"column":0},"end":{"line":13,"column":54}},"13":{"start":{"line":14,"column":0},"end":{"line":14,"column":84}},"15":{"start":{"line":16,"column":0},"end":{"line":16,"column":54}},"16":{"start":{"line":17,"column":0},"end":{"line":17,"column":79}}},"s":{"0":0,"2":0,"3":0,"4":0,"5":0,"7":0,"8":0,"9":0,"10":0,"12":0,"13":0,"15":0,"16":0},"branchMap":{"0":{"type":"branch","line":1,"loc":{"start":{"line":1,"column":611},"end":{"line":17,"column":79}},"locations":[{"start":{"line":1,"column":611},"end":{"line":17,"column":79}}]}},"b":{"0":[0]},"fnMap":{"0":{"name":"(empty-report)","decl":{"start":{"line":1,"column":611},"end":{"line":17,"column":79}},"loc":{"start":{"line":1,"column":611},"end":{"line":17,"column":79}},"line":1}},"f":{"0":0}}
,"/app/frontend/src/components/AddSubjectModal.jsx": {"path":"/app/frontend/src/components/AddSubjectModal.jsx","all":false,"statementMap":{"0":{"start":{"line":1,"column":0},"end":{"line":1,"column":40}},"1":{"start":{"line":2,"column":0},"end":{"line":2,"column":33}},"3":{"start":{"line":4,"column":0},"end":{"line":4,"column":65}},"4":{"start":{"line":5,"column":0},"end":{"line":5,"column":41}},"5":{"start":{"line":6,"column":0},"end":{"line":6,"column":41}},"7":{"start":{"line":8,"column":0},"end":{"line":8,"column":27}},"9":{"start":{"line":10,"column":0},"end":{"line":10,"column":12}},"10":{"start":{"line":11,"column":0},"end":{"line":11,"column":102}},"11":{"start":{"line":12,"column":0},"end":{"line":12,"column":90}},"12":{"start":{"line":13,"column":0},"end":{"line":13,"column":72}},"13":{"start":{"line":14,"column":0},"end":{"line":14,"column":66}},"14":{"start":{"line":15,"column":0},"end":{"line":15,"column":56}},"15":{"start":{"line":16,"column":0},"end":{"line":16,"column":22}},"17":{"start":{"line":18,"column":0},"end":{"line":18,"column":43}},"18":{"start":{"line":19,"column":0},"end":{"line":19,"column":22}},"19":{"start":{"line":20,"column":0},"end":{"line":20,"column":46}},"20":{"start":{"line":21,"column":0},"end":{"line":21,"column":32}},"21":{"start":{"line":22,"column":0},"end":{"line":22,"column":61}},"22":{"start":{"line":23,"column":0},"end":{"line":23,"column":66}},"23":{"start":{"line":24,"column":0},"end":{"line":24,"column":18}},"24":{"start":{"line":25,"column":0},"end":{"line":25,"column":22}},"25":{"start":{"line":26,"column":0},"end":{"line":26,"column":59}},"26":{"start":{"line":27,"column":0},"end":{"line":27,"column":32}},"27":{"start":{"line":28,"column":0},"end":{"line":28,"column":61}},"28":{"start":{"line":29,"column":0},"end":{"line":29,"column":66}},"29":{"start":{"line":30,"column":0},"end":{"line":30,"column":18}},"30":{"start":{"line":31,"column":0},"end":{"line":31,"column":22}},"32":{"start":{"line":33,"column":0},"end":{"line":33,"column":61}},"33":{"start":{"line":34,"column":0},"end":{"line":34,"column":82}},"35":{"start":{"line":36,"column":0},"end":{"line":36,"column":25}},"36":{"start":{"line":37,"column":0},"end":{"line":37,"column":23}},"37":{"start":{"line":38,"column":0},"end":{"line":38,"column":58}},"38":{"start":{"line":39,"column":0},"end":{"line":39,"column":77}},"39":{"start":{"line":40,"column":0},"end":{"line":40,"column":17}},"41":{"start":{"line":42,"column":0},"end":{"line":42,"column":25}},"42":{"start":{"line":43,"column":0},"end":{"line":43,"column":22}},"43":{"start":{"line":44,"column":0},"end":{"line":44,"column":18}},"44":{"start":{"line":45,"column":0},"end":{"line":45,"column":14}},"46":{"start":{"line":47,"column":0},"end":{"line":47,"column":1}}},"s":{"0":1,"1":1,"3":5,"4":5,"5":5,"7":5,"9":4,"10":4,"11":4,"12":4,"13":4,"14":4,"15":4,"17":4,"18":4,"19":4,"20":4,"21":4,"22":4,"23":4,"24":4,"25":4,"26":4,"27":4,"28":4,"29":4,"30":4,"32":4,"33":4,"35":4,"36":4,"37":4,"38":4,"39":4,"41":4,"42":4,"43":4,"44":4,"46":4},"branchMap":{"0":{"type":"branch","line":4,"loc":{"start":{"line":4,"column":0},"end":{"line":47,"column":1}},"locations":[{"start":{"line":4,"column":0},"end":{"line":47,"column":1}}]},"1":{"type":"branch","line":8,"loc":{"start":{"line":8,"column":15},"end":{"line":8,"column":27}},"locations":[{"start":{"line":8,"column":15},"end":{"line":8,"column":27}}]},"2":{"type":"branch","line":8,"loc":{"start":{"line":8,"column":22},"end":{"line":47,"column":1}},"locations":[{"start":{"line":8,"column":22},"end":{"line":47,"column":1}}]},"3":{"type":"branch","line":22,"loc":{"start":{"line":22,"column":30},"end":{"line":22,"column":61}},"locations":[{"start":{"line":22,"column":30},"end":{"line":22,"column":61}}]},"4":{"type":"branch","line":28,"loc":{"start":{"line":28,"column":30},"end":{"line":28,"column":61}},"locations":[{"start":{"line":28,"column":30},"end":{"line":28,"column":61}}]},"5":{"type":"branch","line":38,"loc":{"start":{"line":38,"column":29},"end":{"line":38,"column":58}},"locations":[{"start":{"line":38,"column":29},"end":{"line":38,"column":58}}]}},"b":{"0":[5],"1":[1],"2":[4],"3":[1],"4":[1],"5":[1]},"fnMap":{"0":{"name":"AddSubjectModal","decl":{"start":{"line":4,"column":0},"end":{"line":47,"column":1}},"loc":{"start":{"line":4,"column":0},"end":{"line":47,"column":1}},"line":4},"1":{"name":"onChange","decl":{"start":{"line":22,"column":30},"end":{"line":22,"column":61}},"loc":{"start":{"line":22,"column":30},"end":{"line":22,"column":61}},"line":22},"2":{"name":"onChange","decl":{"start":{"line":28,"column":30},"end":{"line":28,"column":61}},"loc":{"start":{"line":28,"column":30},"end":{"line":28,"column":61}},"line":28},"3":{"name":"onClick","decl":{"start":{"line":38,"column":29},"end":{"line":38,"column":58}},"loc":{"start":{"line":38,"column":29},"end":{"line":38,"column":58}},"line":38}},"f":{"0":5,"1":1,"2":1,"3":1}}
,"/app/frontend/src/components/DateRange.jsx": {"path":"/app/frontend/src/components/DateRange.jsx","all":true,"statementMap":{"0":{"start":{"line":1,"column":0},"end":{"line":1,"column":40}},"1":{"start":{"line":2,"column":0},"end":{"line":2,"column":42}},"2":{"start":{"line":3,"column":0},"end":{"line":3,"column":52}},"4":{"start":{"line":5,"column":0},"end":{"line":5,"column":25}},"5":{"start":{"line":6,"column":0},"end":{"line":6,"column":53}},"6":{"start":{"line":7,"column":0},"end":{"line":7,"column":49}},"8":{"start":{"line":9,"column":0},"end":{"line":9,"column":12}},"9":{"start":{"line":10,"column":0},"end":{"line":10,"column":49}},"10":{"start":{"line":11,"column":0},"end":{"line":11,"column":109}},"11":{"start":{"line":12,"column":0},"end":{"line":12,"column":53}},"12":{"start":{"line":13,"column":0},"end":{"line":13,"column":49}},"13":{"start":{"line":14,"column":0},"end":{"line":14,"column":31}},"14":{"start":{"line":15,"column":0},"end":{"line":15,"column":160}},"15":{"start":{"line":16,"column":0},"end":{"line":16,"column":52}},"16":{"start":{"line":17,"column":0},"end":{"line":17,"column":44}},"17":{"start":{"line":18,"column":0},"end":{"line":18,"column":63}},"18":{"start":{"line":19,"column":0},"end":{"line":19,"column":47}},"19":{"start":{"line":20,"column":0},"end":{"line":20,"column":35}},"20":{"start":{"line":21,"column":0},"end":{"line":21,"column":47}},"21":{"start":{"line":22,"column":0},"end":{"line":22,"column":58}},"22":{"start":{"line":23,"column":0},"end":{"line":23,"column":22}},"23":{"start":{"line":24,"column":0},"end":{"line":24,"column":22}},"24":{"start":{"line":25,"column":0},"end":{"line":25,"column":49}},"25":{"start":{"line":26,"column":0},"end":{"line":26,"column":31}},"26":{"start":{"line":27,"column":0},"end":{"line":27,"column":160}},"27":{"start":{"line":28,"column":0},"end":{"line":28,"column":50}},"28":{"start":{"line":29,"column":0},"end":{"line":29,"column":42}},"29":{"start":{"line":30,"column":0},"end":{"line":30,"column":61}},"30":{"start":{"line":31,"column":0},"end":{"line":31,"column":47}},"31":{"start":{"line":32,"column":0},"end":{"line":32,"column":35}},"32":{"start":{"line":33,"column":0},"end":{"line":33,"column":47}},"33":{"start":{"line":34,"column":0},"end":{"line":34,"column":54}},"34":{"start":{"line":35,"column":0},"end":{"line":35,"column":22}},"35":{"start":{"line":36,"column":0},"end":{"line":36,"column":22}},"36":{"start":{"line":37,"column":0},"end":{"line":37,"column":18}},"37":{"start":{"line":38,"column":0},"end":{"line":38,"column":14}},"39":{"start":{"line":40,"column":0},"end":{"line":40,"column":2}},"41":{"start":{"line":42,"column":0},"end":{"line":42,"column":25}}},"s":{"0":0,"1":0,"2":0,"4":0,"5":0,"6":0,"8":0,"9":0,"10":0,"11":0,"12":0,"13":0,"14":0,"15":0,"16":0,"17":0,"18":0,"19":0,"20":0,"21":0,"22":0,"23":0,"24":0,"25":0,"26":0,"27":0,"28":0,"29":0,"30":0,"31":0,"32":0,"33":0,"34":0,"35":0,"36":0,"37":0,"39":0,"41":0},"branchMap":{"0":{"type":"branch","line":1,"loc":{"start":{"line":1,"column":1840},"end":{"line":42,"column":25}},"locations":[{"start":{"line":1,"column":1840},"end":{"line":42,"column":25}}]}},"b":{"0":[0]},"fnMap":{"0":{"name":"(empty-report)","decl":{"start":{"line":1,"column":1840},"end":{"line":42,"column":25}},"loc":{"start":{"line":1,"column":1840},"end":{"line":42,"column":25}},"line":1}},"f":{"0":0}}
,"/app/frontend/src/components/FaceOverlay.jsx": {"path":"/app/frontend/src/components/FaceOverlay.jsx","all":true,"statementMap":{"1":{"start":{"line":2,"column":0},"end":{"line":2,"column":26}},"3":{"start":{"line":4,"column":0},"end":{"line":4,"column":58}},"5":{"start":{"line":6,"column":0},"end":{"line":6,"column":37}},"7":{"start":{"line":8,"column":0},"end":{"line":8,"column":41}},"8":{"start":{"line":9,"column":0},"end":{"line":9,"column":51}},"10":{"start":{"line":11,"column":0},"end":{"line":11,"column":43}},"11":{"start":{"line":12,"column":0},"end":{"line":12,"column":45}},"13":{"start":{"line":14,"column":0},"end":{"line":14,"column":51}},"14":{"start":{"line":15,"column":0},"end":{"line":15,"column":53}},"16":{"start":{"line":17,"column":0},"end":{"line":17,"column":10}},"17":{"start":{"line":18,"column":0},"end":{"line":18,"column":8}},"18":{"start":{"line":19,"column":0},"end":{"line":19,"column":54}},"19":{"start":{"line":20,"column":0},"end":{"line":20,"column":60}},"21":{"start":{"line":22,"column":0},"end":{"line":22,"column":30}},"22":{"start":{"line":23,"column":0},"end":{"line":23,"column":51}},"24":{"start":{"line":25,"column":0},"end":{"line":25,"column":46}},"25":{"start":{"line":26,"column":0},"end":{"line":26,"column":47}},"28":{"start":{"line":29,"column":0},"end":{"line":29,"column":56}},"29":{"start":{"line":30,"column":0},"end":{"line":30,"column":31}},"31":{"start":{"line":32,"column":0},"end":{"line":32,"column":21}},"32":{"start":{"line":33,"column":0},"end":{"line":33,"column":32}},"33":{"start":{"line":34,"column":0},"end":{"line":34,"column":23}},"34":{"start":{"line":35,"column":0},"end":{"line":35,"column":38}},"35":{"start":{"line":36,"column":0},"end":{"line":36,"column":23}},"36":{"start":{"line":37,"column":0},"end":{"line":37,"column":24}},"38":{"start":{"line":39,"column":0},"end":{"line":39,"column":21}},"39":{"start":{"line":40,"column":0},"end":{"line":40,"column":32}},"40":{"start":{"line":41,"column":0},"end":{"line":41,"column":71}},"41":{"start":{"line":42,"column":0},"end":{"line":42,"column":38}},"42":{"start":{"line":43,"column":0},"end":{"line":43,"column":24}},"43":{"start":{"line":44,"column":0},"end":{"line":44,"column":24}},"45":{"start":{"line":46,"column":0},"end":{"line":46,"column":16}},"46":{"start":{"line":47,"column":0},"end":{"line":47,"column":14}},"47":{"start":{"line":48,"column":0},"end":{"line":48,"column":21}},"48":{"start":{"line":49,"column":0},"end":{"line":49,"column":20}},"49":{"start":{"line":50,"column":0},"end":{"line":50,"column":35}},"50":{"start":{"line":51,"column":0},"end":{"line":51,"column":29}},"51":{"start":{"line":52,"column":0},"end":{"line":52,"column":28}},"52":{"start":{"line":53,"column":0},"end":{"line":53,"column":34}},"53":{"start":{"line":54,"column":0},"end":{"line":54,"column":36}},"54":{"start":{"line":55,"column":0},"end":{"line":55,"column":43}},"55":{"start":{"line":56,"column":0},"end":{"line":56,"column":34}},"56":{"start":{"line":57,"column":0},"end":{"line":57,"column":39}},"57":{"start":{"line":58,"column":0},"end":{"line":58,"column":38}},"58":{"start":{"line":59,"column":0},"end":{"line":59,"column":14}},"60":{"start":{"line":61,"column":0},"end":{"line":61,"column":16}},"61":{"start":{"line":62,"column":0},"end":{"line":62,"column":22}},"62":{"start":{"line":63,"column":0},"end":{"line":63,"column":37}},"63":{"start":{"line":64,"column":0},"end":{"line":64,"column":29}},"64":{"start":{"line":65,"column":0},"end":{"line":65,"column":24}},"65":{"start":{"line":66,"column":0},"end":{"line":66,"column":34}},"66":{"start":{"line":67,"column":0},"end":{"line":67,"column":30}},"67":{"start":{"line":68,"column":0},"end":{"line":68,"column":33}},"68":{"start":{"line":69,"column":0},"end":{"line":69,"column":35}},"69":{"start":{"line":70,"column":0},"end":{"line":70,"column":36}},"70":{"start":{"line":71,"column":0},"end":{"line":71,"column":37}},"71":{"start":{"line":72,"column":0},"end":{"line":72,"column":32}},"72":{"start":{"line":73,"column":0},"end":{"line":73,"column":16}},"74":{"start":{"line":75,"column":0},"end":{"line":75,"column":21}},"75":{"start":{"line":76,"column":0},"end":{"line":76,"column":18}},"76":{"start":{"line":77,"column":0},"end":{"line":77,"column":16}},"78":{"start":{"line":79,"column":0},"end":{"line":79,"column":9}},"79":{"start":{"line":80,"column":0},"end":{"line":80,"column":10}},"81":{"start":{"line":82,"column":0},"end":{"line":82,"column":1}}},"s":{"1":0,"3":0,"5":0,"7":0,"8":0,"10":0,"11":0,"13":0,"14":0,"16":0,"17":0,"18":0,"19":0,"21":0,"22":0,"24":0,"25":0,"28":0,"29":0,"31":0,"32":0,"33":0,"34":0,"35":0,"36":0,"38":0,"39":0,"40":0,"41":0,"42":0,"43":0,"45":0,"46":0,"47":0,"48":0,"49":0,"50":0,"51":0,"52":0,"53":0,"54":0,"55":0,"56":0,"57":0,"58":0,"60":0,"61":0,"62":0,"63":0,"64":0,"65":0,"66":0,"67":0,"68":0,"69":0,"70":0,"71":0,"72":0,"74":0,"75":0,"76":0,"78":0,"79":0,"81":0},"branchMap":{"0":{"type":"branch","line":1,"loc":{"start":{"line":1,"column":2252},"end":{"line":82,"column":1}},"locations":[{"start":{"line":1,"column":2252},"end":{"line":82,"column":1}}]}},"b":{"0":[1]},"fnMap":{"0":{"name":"(empty-report)","decl":{"start":{"line":1,"column":2252},"end":{"line":82,"column":1}},"loc":{"start":{"line":1,"column":2252},"end":{"line":82,"column":1}},"line":1}},"f":{"0":1}}
,"/app/frontend/src/components/Header.jsx": {"path":"/app/frontend/src/components/Header.jsx","all":true,"statementMap":{"0":{"start":{"line":1,"column":0},"end":{"line":1,"column":51}},"1":{"start":{"line":2,"column":0},"end":{"line":2,"column":53}},"2":{"start":{"line":3,"column":0},"end":{"line":3,"column":64}},"5":{"start":{"line":6,"column":0},"end":{"line":6,"column":18}},"6":{"start":{"line":7,"column":0},"end":{"line":7,"column":43}},"7":{"start":{"line":8,"column":0},"end":{"line":8,"column":45}},"8":{"start":{"line":9,"column":0},"end":{"line":9,"column":41}},"9":{"start":{"line":10,"column":0},"end":{"line":10,"column":43}},"10":{"start":{"line":11,"column":0},"end":{"line":11,"column":39}},"11":{"start":{"line":12,"column":0},"end":{"line":12,"column":48}},"12":{"start":{"line":13,"column":0},"end":{"line":13,"column":2}},"22":{"start":{"line":23,"column":0},"end":{"line":23,"column":34}},"23":{"start":{"line":24,"column":0},"end":{"line":24,"column":41}},"24":{"start":{"line":25,"column":0},"end":{"line":25,"column":50}},"25":{"start":{"line":26,"column":0},"end":{"line":26,"column":33}},"27":{"start":{"line":28,"column":0},"end":{"line":28,"column":19}},"28":{"start":{"line":29,"column":0},"end":{"line":29,"column":9}},"29":{"start":{"line":30,"column":0},"end":{"line":30,"column":54}},"31":{"start":{"line":32,"column":0},"end":{"line":32,"column":49}},"32":{"start":{"line":33,"column":0},"end":{"line":33,"column":38}},"33":{"start":{"line":34,"column":0},"end":{"line":34,"column":17}},"34":{"start":{"line":35,"column":0},"end":{"line":35,"column":66}},"35":{"start":{"line":36,"column":0},"end":{"line":36,"column":20}},"36":{"start":{"line":37,"column":0},"end":{"line":37,"column":5}},"37":{"start":{"line":38,"column":0},"end":{"line":38,"column":9}},"40":{"start":{"line":41,"column":0},"end":{"line":41,"column":19}},"42":{"start":{"line":43,"column":0},"end":{"line":43,"column":23}},"43":{"start":{"line":44,"column":0},"end":{"line":44,"column":26}},"45":{"start":{"line":46,"column":0},"end":{"line":46,"column":59}},"53":{"start":{"line":54,"column":0},"end":{"line":54,"column":56}},"55":{"start":{"line":56,"column":0},"end":{"line":56,"column":10}},"56":{"start":{"line":57,"column":0},"end":{"line":57,"column":117}},"58":{"start":{"line":59,"column":0},"end":{"line":59,"column":75}},"60":{"start":{"line":61,"column":0},"end":{"line":61,"column":49}},"62":{"start":{"line":63,"column":0},"end":{"line":63,"column":17}},"63":{"start":{"line":64,"column":0},"end":{"line":64,"column":50}},"64":{"start":{"line":65,"column":0},"end":{"line":65,"column":121}},"65":{"start":{"line":66,"column":0},"end":{"line":66,"column":42}},"66":{"start":{"line":67,"column":0},"end":{"line":67,"column":36}},"67":{"start":{"line":68,"column":0},"end":{"line":68,"column":38}},"69":{"start":{"line":70,"column":0},"end":{"line":70,"column":61}},"70":{"start":{"line":71,"column":0},"end":{"line":71,"column":19}},"72":{"start":{"line":73,"column":0},"end":{"line":73,"column":68}},"73":{"start":{"line":74,"column":0},"end":{"line":74,"column":81}},"74":{"start":{"line":75,"column":0},"end":{"line":75,"column":107}},"75":{"start":{"line":76,"column":0},"end":{"line":76,"column":17}},"76":{"start":{"line":77,"column":0},"end":{"line":77,"column":14}},"79":{"start":{"line":80,"column":0},"end":{"line":80,"column":59}},"80":{"start":{"line":81,"column":0},"end":{"line":81,"column":35}},"81":{"start":{"line":82,"column":0},"end":{"line":82,"column":17}},"82":{"start":{"line":83,"column":0},"end":{"line":83,"column":27}},"83":{"start":{"line":84,"column":0},"end":{"line":84,"column":26}},"84":{"start":{"line":85,"column":0},"end":{"line":85,"column":89}},"85":{"start":{"line":86,"column":0},"end":{"line":86,"column":33}},"86":{"start":{"line":87,"column":0},"end":{"line":87,"column":72}},"87":{"start":{"line":88,"column":0},"end":{"line":88,"column":104}},"88":{"start":{"line":89,"column":0},"end":{"line":89,"column":17}},"90":{"start":{"line":91,"column":0},"end":{"line":91,"column":26}},"91":{"start":{"line":92,"column":0},"end":{"line":92,"column":19}},"92":{"start":{"line":93,"column":0},"end":{"line":93,"column":13}},"93":{"start":{"line":94,"column":0},"end":{"line":94,"column":14}},"96":{"start":{"line":97,"column":0},"end":{"line":97,"column":49}},"97":{"start":{"line":98,"column":0},"end":{"line":98,"column":17}},"98":{"start":{"line":99,"column":0},"end":{"line":99,"column":25}},"99":{"start":{"line":100,"column":0},"end":{"line":100,"column":20}},"100":{"start":{"line":101,"column":0},"end":{"line":101,"column":38}},"101":{"start":{"line":102,"column":0},"end":{"line":102,"column":73}},"103":{"start":{"line":104,"column":0},"end":{"line":104,"column":72}},"104":{"start":{"line":105,"column":0},"end":{"line":105,"column":19}},"105":{"start":{"line":106,"column":0},"end":{"line":106,"column":15}},"106":{"start":{"line":107,"column":0},"end":{"line":107,"column":26}},"107":{"start":{"line":108,"column":0},"end":{"line":108,"column":127}},"108":{"start":{"line":109,"column":0},"end":{"line":109,"column":38}},"110":{"start":{"line":111,"column":0},"end":{"line":111,"column":66}},"111":{"start":{"line":112,"column":0},"end":{"line":112,"column":94}},"112":{"start":{"line":113,"column":0},"end":{"line":113,"column":73}},"113":{"start":{"line":114,"column":0},"end":{"line":114,"column":17}},"114":{"start":{"line":115,"column":0},"end":{"line":115,"column":14}},"115":{"start":{"line":116,"column":0},"end":{"line":116,"column":12}},"118":{"start":{"line":119,"column":0},"end":{"line":119,"column":20}},"119":{"start":{"line":120,"column":0},"end":{"line":120,"column":12}},"120":{"start":{"line":121,"column":0},"end":{"line":121,"column":25}},"121":{"start":{"line":122,"column":0},"end":{"line":122,"column":40}},"122":{"start":{"line":123,"column":0},"end":{"line":123,"column":143}},"124":{"start":{"line":125,"column":0},"end":{"line":125,"column":35}},"125":{"start":{"line":126,"column":0},"end":{"line":126,"column":17}},"126":{"start":{"line":127,"column":0},"end":{"line":127,"column":27}},"127":{"start":{"line":128,"column":0},"end":{"line":128,"column":26}},"128":{"start":{"line":129,"column":0},"end":{"line":129,"column":97}},"129":{"start":{"line":130,"column":0},"end":{"line":130,"column":33}},"130":{"start":{"line":131,"column":0},"end":{"line":131,"column":72}},"131":{"start":{"line":132,"column":0},"end":{"line":132,"column":104}},"132":{"start":{"line":133,"column":0},"end":{"line":133,"column":17}},"134":{"start":{"line":135,"column":0},"end":{"line":135,"column":26}},"135":{"start":{"line":136,"column":0},"end":{"line":136,"column":19}},"136":{"start":{"line":137,"column":0},"end":{"line":137,"column":13}},"138":{"start":{"line":139,"column":0},"end":{"line":139,"column":15}},"139":{"start":{"line":140,"column":0},"end":{"line":140,"column":26}},"140":{"start":{"line":141,"column":0},"end":{"line":141,"column":117}},"141":{"start":{"line":142,"column":0},"end":{"line":142,"column":38}},"143":{"start":{"line":144,"column":0},"end":{"line":144,"column":66}},"144":{"start":{"line":145,"column":0},"end":{"line":145,"column":94}},"145":{"start":{"line":146,"column":0},"end":{"line":146,"column":17}},"146":{"start":{"line":147,"column":0},"end":{"line":147,"column":14}},"148":{"start":{"line":149,"column":0},"end":{"line":149,"column":13}},"150":{"start":{"line":151,"column":0},"end":{"line":151,"column":1}}},"s":{"0":0,"1":0,"2":0,"5":0,"6":0,"7":0,"8":0,"9":0,"10":0,"11":0,"12":0,"22":0,"23":0,"24":0,"25":0,"27":0,"28":0,"29":0,"31":0,"32":0,"33":0,"34":0,"35":0,"36":0,"37":0,"40":0,"42":0,"43":0,"45":0,"53":0,"55":0,"56":0,"58":0,"60":0,"62":0,"63":0,"64":0,"65":0,"66":0,"67":0,"69":0,"70":0,"72":0,"73":0,"74":0,"75":0,"76":0,"79":0,"80":0,"81":0,"82":0,"83":0,"84":0,"85":0,"86":0,"87":0,"88":0,"90":0,"91":0,"92":0,"93":0,"96":0,"97":0,"98":0,"99":0,"100":0,"101":0,"103":0,"104":0,"105":0,"106":0,"107":0,"108":0,"110":0,"111":0,"112":0,"113":0,"114":0,"115":0,"118":0,"119":0,"120":0,"121":0,"122":0,"124":0,"125":0,"126":0,"127":0,"128":0,"129":0,"130":0,"131":0,"132":0,"134":0,"135":0,"136":0,"138":0,"139":0,"140":0,"141":0,"143":0,"144":0,"145":0,"146":0,"148":0,"150":0},"branchMap":{"0":{"type":"branch","line":1,"loc":{"start":{"line":1,"column":5648},"end":{"line":151,"column":1}},"locations":[{"start":{"line":1,"column":5648},"end":{"line":151,"column":1}}]}},"b":{"0":[0]},"fnMap":{"0":{"name":"(empty-report)","decl":{"start":{"line":1,"column":5648},"end":{"line":151,"column":1}},"loc":{"start":{"line":1,"column":5648},"end":{"line":151,"column":1}},"line":1}},"f":{"0":0}}
,"/app/frontend/src/components/ProtectedRoute.jsx": {"path":"/app/frontend/src/components/ProtectedRoute.jsx","all":true,"statementMap":{"0":{"start":{"line":1,"column":0},"end":{"line":1,"column":57}},"2":{"start":{"line":3,"column":0},"end":{"line":3,"column":42}},"3":{"start":{"line":4,"column":0},"end":{"line":4,"column":46}},"6":{"start":{"line":7,"column":0},"end":{"line":7,"column":33}},"9":{"start":{"line":10,"column":0},"end":{"line":10,"column":15}},"10":{"start":{"line":11,"column":0},"end":{"line":11,"column":71}},"11":{"start":{"line":12,"column":0},"end":{"line":12,"column":3}},"13":{"start":{"line":14,"column":0},"end":{"line":14,"column":18}},"14":{"start":{"line":15,"column":0},"end":{"line":15,"column":2}},"16":{"start":{"line":17,"column":0},"end":{"line":17,"column":30}}},"s":{"0":0,"2":0,"3":0,"6":0,"9":0,"10":0,"11":0,"13":0,"14":0,"16":0},"branchMap":{"0":{"type":"branch","line":1,"loc":{"start":{"line":1,"column":493},"end":{"line":17,"column":30}},"locations":[{"start":{"line":1,"column":493},"end":{"line":17,"column":30}}]}},"b":{"0":[0]},"fnMap":{"0":{"name":"(empty-report)","decl":{"start":{"line":1,"column":493},"end":{"line":17,"column":30}},"loc":{"start":{"line":1,"column":493},"end":{"line":17,"column":30}},"line":1}},"f":{"0":0}}
,"/app/frontend/src/components/SettingsSidebar.jsx": {"path":"/app/frontend/src/components/SettingsSidebar.jsx","all":true,"statementMap":{"0":{"start":{"line":1,"column":0},"end":{"line":1,"column":26}},"1":{"start":{"line":2,"column":0},"end":{"line":2,"column":83}},"3":{"start":{"line":4,"column":0},"end":{"line":4,"column":79}},"4":{"start":{"line":5,"column":0},"end":{"line":5,"column":24}},"5":{"start":{"line":6,"column":0},"end":{"line":6,"column":39}},"6":{"start":{"line":7,"column":0},"end":{"line":7,"column":46}},"7":{"start":{"line":8,"column":0},"end":{"line":8,"column":36}},"8":{"start":{"line":9,"column":0},"end":{"line":9,"column":46}},"9":{"start":{"line":10,"column":0},"end":{"line":10,"column":61}},"10":{"start":{"line":11,"column":0},"end":{"line":11,"column":4}},"12":{"start":{"line":13,"column":0},"end":{"line":13,"column":10}},"13":{"start":{"line":14,"column":0},"end":{"line":14,"column":162}},"14":{"start":{"line":15,"column":0},"end":{"line":15,"column":33}},"15":{"start":{"line":16,"column":0},"end":{"line":16,"column":110}},"17":{"start":{"line":18,"column":0},"end":{"line":18,"column":13}},"18":{"start":{"line":19,"column":0},"end":{"line":19,"column":37}},"19":{"start":{"line":20,"column":0},"end":{"line":20,"column":17}},"20":{"start":{"line":21,"column":0},"end":{"line":21,"column":27}},"21":{"start":{"line":22,"column":0},"end":{"line":22,"column":51}},"22":{"start":{"line":23,"column":0},"end":{"line":23,"column":128}},"23":{"start":{"line":24,"column":0},"end":{"line":24,"column":37}},"24":{"start":{"line":25,"column":0},"end":{"line":25,"column":52}},"25":{"start":{"line":26,"column":0},"end":{"line":26,"column":71}},"26":{"start":{"line":27,"column":0},"end":{"line":27,"column":15}},"28":{"start":{"line":29,"column":0},"end":{"line":29,"column":35}},"29":{"start":{"line":30,"column":0},"end":{"line":30,"column":23}},"30":{"start":{"line":31,"column":0},"end":{"line":31,"column":19}},"31":{"start":{"line":32,"column":0},"end":{"line":32,"column":11}},"33":{"start":{"line":34,"column":0},"end":{"line":34,"column":12}},"34":{"start":{"line":35,"column":0},"end":{"line":35,"column":58}},"35":{"start":{"line":36,"column":0},"end":{"line":36,"column":15}},"36":{"start":{"line":37,"column":0},"end":{"line":37,"column":28}},"37":{"start":{"line":38,"column":0},"end":{"line":38,"column":124}},"39":{"start":{"line":40,"column":0},"end":{"line":40,"column":30}},"41":{"start":{"line":42,"column":0},"end":{"line":42,"column":17}},"42":{"start":{"line":43,"column":0},"end":{"line":43,"column":12}},"43":{"start":{"line":44,"column":0},"end":{"line":44,"column":10}},"45":{"start":{"line":46,"column":0},"end":{"line":46,"column":1}}},"s":{"0":0,"1":0,"3":0,"4":0,"5":0,"6":0,"7":0,"8":0,"9":0,"10":0,"12":0,"13":0,"14":0,"15":0,"17":0,"18":0,"19":0,"20":0,"21":0,"22":0,"23":0,"24":0,"25":0,"26":0,"28":0,"29":0,"30":0,"31":0,"33":0,"34":0,"35":0,"36":0,"37":0,"39":0,"41":0,"42":0,"43":0,"45":0},"branchMap":{"0":{"type":"branch","line":1,"loc":{"start":{"line":1,"column":1713},"end":{"line":46,"column":1}},"locations":[{"start":{"line":1,"column":1713},"end":{"line":46,"column":1}}]}},"b":{"0":[0]},"fnMap":{"0":{"name":"(empty-report)","decl":{"start":{"line":1,"column":1713},"end":{"line":46,"column":1}},"loc":{"start":{"line":1,"column":1713},"end":{"line":46,"column":1}},"line":1}},"f":{"0":0}}
,"/app/frontend/src/components/Spinner.jsx": {"path":"/app/frontend/src/components/Spinner.jsx","all":false,"statementMap":{"1":{"start":{"line":2,"column":0},"end":{"line":2,"column":26}},"2":{"start":{"line":3,"column":0},"end":{"line":3,"column":39}},"4":{"start":{"line":5,"column":0},"end":{"line":5,"column":35}},"5":{"start":{"line":6,"column":0},"end":{"line":6,"column":10}},"6":{"start":{"line":7,"column":0},"end":{"line":7,"column":90}},"7":{"start":{"line":8,"column":0},"end":{"line":8,"column":74}},"8":{"start":{"line":9,"column":0},"end":{"line":9,"column":79}},"10":{"start":{"line":11,"column":0},"end":{"line":11,"column":10}},"11":{"start":{"line":12,"column":0},"end":{"line":12,"column":10}},"13":{"start":{"line":14,"column":0},"end":{"line":14,"column":1}}},"s":{"1":1,"2":1,"4":1,"5":1,"6":1,"7":1,"8":1,"10":1,"11":1,"13":1},"branchMap":{"0":{"type":"branch","line":5,"loc":{"start":{"line":5,"column":0},"end":{"line":14,"column":1}},"locations":[{"start":{"line":5,"column":0},"end":{"line":14,"column":1}}]}},"b":{"0":[1]},"fnMap":{"0":{"name":"Spinner","decl":{"start":{"line":5,"column":0},"end":{"line":14,"column":1}},"loc":{"start":{"line":5,"column":0},"end":{"line":14,"column":1}},"line":5}},"f":{"0":1}}
,"/app/frontend/src/hooks/useCurrentUser.js": {"path":"/app/frontend/src/hooks/useCurrentUser.js","all":false,"statementMap":{"0":{"start":{"line":1,"column":0},"end":{"line":1,"column":85}},"1":{"start":{"line":2,"column":0},"end":{"line":2,"column":52}},"3":{"start":{"line":4,"column":0},"end":{"line":4,"column":34}},"4":{"start":{"line":5,"column":0},"end":{"line":5,"column":19}},"5":{"start":{"line":6,"column":0},"end":{"line":6,"column":30}},"6":{"start":{"line":7,"column":0},"end":{"line":7,"column":30}},"7":{"start":{"line":8,"column":0},"end":{"line":8,"column":48}},"8":{"start":{"line":9,"column":0},"end":{"line":9,"column":17}},"9":{"start":{"line":10,"column":0},"end":{"line":10,"column":42}},"10":{"start":{"line":11,"column":0},"end":{"line":11,"column":5}},"11":{"start":{"line":12,"column":0},"end":{"line":12,"column":1}}},"s":{"0":1,"1":1,"3":1,"4":4,"5":4,"6":4,"7":4,"8":4,"9":4,"10":4,"11":4},"branchMap":{"0":{"type":"branch","line":4,"loc":{"start":{"line":4,"column":7},"end":{"line":12,"column":1}},"locations":[{"start":{"line":4,"column":7},"end":{"line":12,"column":1}}]}},"b":{"0":[4]},"fnMap":{"0":{"name":"useCurrentUser","decl":{"start":{"line":4,"column":7},"end":{"line":12,"column":1}},"loc":{"start":{"line":4,"column":7},"end":{"line":12,"column":1}},"line":4}},"f":{"0":4}}
,"/app/frontend/src/pages/AddStudents.jsx": {"path":"/app/frontend/src/pages/AddStudents.jsx","all":true,"statementMap":{"0":{"start":{"line":1,"column":0},"end":{"line":1,"column":51}},"1":{"start":{"line":2,"column":0},"end":{"line":2,"column":9}},"17":{"start":{"line":18,"column":0},"end":{"line":18,"column":101}},"19":{"start":{"line":20,"column":0},"end":{"line":20,"column":39}},"20":{"start":{"line":21,"column":0},"end":{"line":21,"column":66}},"21":{"start":{"line":22,"column":0},"end":{"line":22,"column":47}},"22":{"start":{"line":23,"column":0},"end":{"line":23,"column":63}},"23":{"start":{"line":24,"column":0},"end":{"line":24,"column":47}},"27":{"start":{"line":28,"column":0},"end":{"line":28,"column":19}},"28":{"start":{"line":29,"column":0},"end":{"line":29,"column":40}},"29":{"start":{"line":30,"column":0},"end":{"line":30,"column":9}},"31":{"start":{"line":32,"column":0},"end":{"line":32,"column":19}},"32":{"start":{"line":33,"column":0},"end":{"line":33,"column":32}},"33":{"start":{"line":34,"column":0},"end":{"line":34,"column":60}},"34":{"start":{"line":35,"column":0},"end":{"line":35,"column":24}},"38":{"start":{"line":39,"column":0},"end":{"line":39,"column":35}},"39":{"start":{"line":40,"column":0},"end":{"line":40,"column":20}},"40":{"start":{"line":41,"column":0},"end":{"line":41,"column":72}},"41":{"start":{"line":42,"column":0},"end":{"line":42,"column":18}},"42":{"start":{"line":43,"column":0},"end":{"line":43,"column":6}},"43":{"start":{"line":44,"column":0},"end":{"line":44,"column":18}},"44":{"start":{"line":45,"column":0},"end":{"line":45,"column":23}},"45":{"start":{"line":46,"column":0},"end":{"line":46,"column":19}},"46":{"start":{"line":47,"column":0},"end":{"line":47,"column":30}},"47":{"start":{"line":48,"column":0},"end":{"line":48,"column":30}},"48":{"start":{"line":49,"column":0},"end":{"line":49,"column":37}},"49":{"start":{"line":50,"column":0},"end":{"line":50,"column":53}},"50":{"start":{"line":51,"column":0},"end":{"line":51,"column":28}},"51":{"start":{"line":52,"column":0},"end":{"line":52,"column":23}},"52":{"start":{"line":53,"column":0},"end":{"line":53,"column":21}},"53":{"start":{"line":54,"column":0},"end":{"line":54,"column":48}},"54":{"start":{"line":55,"column":0},"end":{"line":55,"column":6}},"56":{"start":{"line":57,"column":0},"end":{"line":57,"column":89}},"58":{"start":{"line":59,"column":0},"end":{"line":59,"column":45}},"59":{"start":{"line":60,"column":0},"end":{"line":60,"column":64}},"61":{"start":{"line":62,"column":0},"end":{"line":62,"column":52}},"62":{"start":{"line":63,"column":0},"end":{"line":63,"column":60}},"63":{"start":{"line":64,"column":0},"end":{"line":64,"column":4}},"65":{"start":{"line":66,"column":0},"end":{"line":66,"column":45}},"66":{"start":{"line":67,"column":0},"end":{"line":67,"column":62}},"68":{"start":{"line":69,"column":0},"end":{"line":69,"column":52}},"69":{"start":{"line":70,"column":0},"end":{"line":70,"column":60}},"70":{"start":{"line":71,"column":0},"end":{"line":71,"column":4}},"73":{"start":{"line":74,"column":0},"end":{"line":74,"column":10}},"74":{"start":{"line":75,"column":0},"end":{"line":75,"column":48}},"77":{"start":{"line":78,"column":0},"end":{"line":78,"column":58}},"80":{"start":{"line":81,"column":0},"end":{"line":81,"column":63}},"81":{"start":{"line":82,"column":0},"end":{"line":82,"column":15}},"82":{"start":{"line":83,"column":0},"end":{"line":83,"column":58}},"83":{"start":{"line":84,"column":0},"end":{"line":84,"column":80}},"84":{"start":{"line":85,"column":0},"end":{"line":85,"column":125}},"85":{"start":{"line":86,"column":0},"end":{"line":86,"column":18}},"86":{"start":{"line":87,"column":0},"end":{"line":87,"column":180}},"87":{"start":{"line":88,"column":0},"end":{"line":88,"column":16}},"88":{"start":{"line":89,"column":0},"end":{"line":89,"column":51}},"89":{"start":{"line":90,"column":0},"end":{"line":90,"column":181}},"90":{"start":{"line":91,"column":0},"end":{"line":91,"column":37}},"92":{"start":{"line":93,"column":0},"end":{"line":93,"column":21}},"93":{"start":{"line":94,"column":0},"end":{"line":94,"column":161}},"94":{"start":{"line":95,"column":0},"end":{"line":95,"column":39}},"96":{"start":{"line":97,"column":0},"end":{"line":97,"column":21}},"97":{"start":{"line":98,"column":0},"end":{"line":98,"column":16}},"98":{"start":{"line":99,"column":0},"end":{"line":99,"column":14}},"101":{"start":{"line":102,"column":0},"end":{"line":102,"column":87}},"102":{"start":{"line":103,"column":0},"end":{"line":103,"column":71}},"103":{"start":{"line":104,"column":0},"end":{"line":104,"column":55}},"104":{"start":{"line":105,"column":0},"end":{"line":105,"column":83}},"105":{"start":{"line":106,"column":0},"end":{"line":106,"column":40}},"106":{"start":{"line":107,"column":0},"end":{"line":107,"column":103}},"107":{"start":{"line":108,"column":0},"end":{"line":108,"column":23}},"108":{"start":{"line":109,"column":0},"end":{"line":109,"column":30}},"109":{"start":{"line":110,"column":0},"end":{"line":110,"column":62}},"110":{"start":{"line":111,"column":0},"end":{"line":111,"column":153}},"111":{"start":{"line":112,"column":0},"end":{"line":112,"column":18}},"112":{"start":{"line":113,"column":0},"end":{"line":113,"column":20}},"113":{"start":{"line":114,"column":0},"end":{"line":114,"column":18}},"114":{"start":{"line":115,"column":0},"end":{"line":115,"column":55}},"115":{"start":{"line":116,"column":0},"end":{"line":116,"column":85}},"116":{"start":{"line":117,"column":0},"end":{"line":117,"column":40}},"117":{"start":{"line":118,"column":0},"end":{"line":118,"column":23}},"118":{"start":{"line":119,"column":0},"end":{"line":119,"column":47}},"119":{"start":{"line":120,"column":0},"end":{"line":120,"column":70}},"120":{"start":{"line":121,"column":0},"end":{"line":121,"column":183}},"122":{"start":{"line":123,"column":0},"end":{"line":123,"column":58}},"123":{"start":{"line":124,"column":0},"end":{"line":124,"column":38}},"124":{"start":{"line":125,"column":0},"end":{"line":125,"column":54}},"125":{"start":{"line":126,"column":0},"end":{"line":126,"column":41}},"126":{"start":{"line":127,"column":0},"end":{"line":127,"column":29}},"127":{"start":{"line":128,"column":0},"end":{"line":128,"column":21}},"128":{"start":{"line":129,"column":0},"end":{"line":129,"column":25}},"129":{"start":{"line":130,"column":0},"end":{"line":130,"column":129}},"130":{"start":{"line":131,"column":0},"end":{"line":131,"column":20}},"131":{"start":{"line":132,"column":0},"end":{"line":132,"column":18}},"132":{"start":{"line":133,"column":0},"end":{"line":133,"column":55}},"133":{"start":{"line":134,"column":0},"end":{"line":134,"column":81}},"134":{"start":{"line":135,"column":0},"end":{"line":135,"column":40}},"135":{"start":{"line":136,"column":0},"end":{"line":136,"column":190}},"136":{"start":{"line":137,"column":0},"end":{"line":137,"column":44}},"137":{"start":{"line":138,"column":0},"end":{"line":138,"column":43}},"138":{"start":{"line":139,"column":0},"end":{"line":139,"column":43}},"139":{"start":{"line":140,"column":0},"end":{"line":140,"column":25}},"140":{"start":{"line":141,"column":0},"end":{"line":141,"column":129}},"141":{"start":{"line":142,"column":0},"end":{"line":142,"column":20}},"142":{"start":{"line":143,"column":0},"end":{"line":143,"column":18}},"143":{"start":{"line":144,"column":0},"end":{"line":144,"column":16}},"145":{"start":{"line":146,"column":0},"end":{"line":146,"column":117}},"146":{"start":{"line":147,"column":0},"end":{"line":147,"column":50}},"147":{"start":{"line":148,"column":0},"end":{"line":148,"column":249}},"148":{"start":{"line":149,"column":0},"end":{"line":149,"column":17}},"149":{"start":{"line":150,"column":0},"end":{"line":150,"column":62}},"150":{"start":{"line":151,"column":0},"end":{"line":151,"column":24}},"151":{"start":{"line":152,"column":0},"end":{"line":152,"column":66}},"152":{"start":{"line":153,"column":0},"end":{"line":153,"column":198}},"153":{"start":{"line":154,"column":0},"end":{"line":154,"column":17}},"155":{"start":{"line":156,"column":0},"end":{"line":156,"column":25}},"156":{"start":{"line":157,"column":0},"end":{"line":157,"column":24}},"157":{"start":{"line":158,"column":0},"end":{"line":158,"column":63}},"158":{"start":{"line":159,"column":0},"end":{"line":159,"column":195}},"159":{"start":{"line":160,"column":0},"end":{"line":160,"column":17}},"161":{"start":{"line":162,"column":0},"end":{"line":162,"column":25}},"162":{"start":{"line":163,"column":0},"end":{"line":163,"column":19}},"163":{"start":{"line":164,"column":0},"end":{"line":164,"column":16}},"164":{"start":{"line":165,"column":0},"end":{"line":165,"column":14}},"167":{"start":{"line":168,"column":0},"end":{"line":168,"column":94}},"168":{"start":{"line":169,"column":0},"end":{"line":169,"column":90}},"169":{"start":{"line":170,"column":0},"end":{"line":170,"column":17}},"170":{"start":{"line":171,"column":0},"end":{"line":171,"column":86}},"171":{"start":{"line":172,"column":0},"end":{"line":172,"column":150}},"172":{"start":{"line":173,"column":0},"end":{"line":173,"column":18}},"173":{"start":{"line":174,"column":0},"end":{"line":174,"column":99}},"174":{"start":{"line":175,"column":0},"end":{"line":175,"column":49}},"175":{"start":{"line":176,"column":0},"end":{"line":176,"column":19}},"176":{"start":{"line":177,"column":0},"end":{"line":177,"column":16}},"178":{"start":{"line":179,"column":0},"end":{"line":179,"column":43}},"179":{"start":{"line":180,"column":0},"end":{"line":180,"column":52}},"180":{"start":{"line":181,"column":0},"end":{"line":181,"column":44}},"181":{"start":{"line":182,"column":0},"end":{"line":182,"column":103}},"182":{"start":{"line":183,"column":0},"end":{"line":183,"column":56}},"183":{"start":{"line":184,"column":0},"end":{"line":184,"column":56}},"184":{"start":{"line":185,"column":0},"end":{"line":185,"column":53}},"185":{"start":{"line":186,"column":0},"end":{"line":186,"column":55}},"186":{"start":{"line":187,"column":0},"end":{"line":187,"column":55}},"187":{"start":{"line":188,"column":0},"end":{"line":188,"column":56}},"188":{"start":{"line":189,"column":0},"end":{"line":189,"column":21}},"189":{"start":{"line":190,"column":0},"end":{"line":190,"column":22}},"190":{"start":{"line":191,"column":0},"end":{"line":191,"column":57}},"191":{"start":{"line":192,"column":0},"end":{"line":192,"column":52}},"192":{"start":{"line":193,"column":0},"end":{"line":193,"column":92}},"194":{"start":{"line":195,"column":0},"end":{"line":195,"column":99}},"195":{"start":{"line":196,"column":0},"end":{"line":196,"column":46}},"196":{"start":{"line":197,"column":0},"end":{"line":197,"column":63}},"197":{"start":{"line":198,"column":0},"end":{"line":198,"column":118}},"198":{"start":{"line":199,"column":0},"end":{"line":199,"column":29}},"199":{"start":{"line":200,"column":0},"end":{"line":200,"column":91}},"200":{"start":{"line":201,"column":0},"end":{"line":201,"column":96}},"201":{"start":{"line":202,"column":0},"end":{"line":202,"column":30}},"202":{"start":{"line":203,"column":0},"end":{"line":203,"column":28}},"203":{"start":{"line":204,"column":0},"end":{"line":204,"column":25}},"204":{"start":{"line":205,"column":0},"end":{"line":205,"column":87}},"205":{"start":{"line":206,"column":0},"end":{"line":206,"column":103}},"206":{"start":{"line":207,"column":0},"end":{"line":207,"column":46}},"207":{"start":{"line":208,"column":0},"end":{"line":208,"column":58}},"208":{"start":{"line":209,"column":0},"end":{"line":209,"column":169}},"209":{"start":{"line":210,"column":0},"end":{"line":210,"column":90}},"211":{"start":{"line":212,"column":0},"end":{"line":212,"column":32}},"213":{"start":{"line":214,"column":0},"end":{"line":214,"column":165}},"214":{"start":{"line":215,"column":0},"end":{"line":215,"column":89}},"216":{"start":{"line":217,"column":0},"end":{"line":217,"column":32}},"218":{"start":{"line":219,"column":0},"end":{"line":219,"column":25}},"219":{"start":{"line":220,"column":0},"end":{"line":220,"column":46}},"220":{"start":{"line":221,"column":0},"end":{"line":221,"column":63}},"221":{"start":{"line":222,"column":0},"end":{"line":222,"column":47}},"222":{"start":{"line":223,"column":0},"end":{"line":223,"column":33}},"223":{"start":{"line":224,"column":0},"end":{"line":224,"column":68}},"224":{"start":{"line":225,"column":0},"end":{"line":225,"column":172}},"226":{"start":{"line":227,"column":0},"end":{"line":227,"column":54}},"227":{"start":{"line":228,"column":0},"end":{"line":228,"column":35}},"230":{"start":{"line":231,"column":0},"end":{"line":231,"column":31}},"231":{"start":{"line":232,"column":0},"end":{"line":232,"column":66}},"232":{"start":{"line":233,"column":0},"end":{"line":233,"column":143}},"234":{"start":{"line":235,"column":0},"end":{"line":235,"column":41}},"235":{"start":{"line":236,"column":0},"end":{"line":236,"column":33}},"236":{"start":{"line":237,"column":0},"end":{"line":237,"column":28}},"237":{"start":{"line":238,"column":0},"end":{"line":238,"column":25}},"239":{"start":{"line":240,"column":0},"end":{"line":240,"column":23}},"240":{"start":{"line":241,"column":0},"end":{"line":241,"column":19}},"241":{"start":{"line":242,"column":0},"end":{"line":242,"column":22}},"242":{"start":{"line":243,"column":0},"end":{"line":243,"column":20}},"243":{"start":{"line":244,"column":0},"end":{"line":244,"column":16}},"245":{"start":{"line":246,"column":0},"end":{"line":246,"column":101}},"247":{"start":{"line":248,"column":0},"end":{"line":248,"column":16}},"248":{"start":{"line":249,"column":0},"end":{"line":249,"column":14}},"250":{"start":{"line":251,"column":0},"end":{"line":251,"column":62}},"252":{"start":{"line":253,"column":0},"end":{"line":253,"column":12}},"254":{"start":{"line":255,"column":0},"end":{"line":255,"column":13}},"255":{"start":{"line":256,"column":0},"end":{"line":256,"column":10}},"257":{"start":{"line":258,"column":0},"end":{"line":258,"column":1}},"261":{"start":{"line":262,"column":0},"end":{"line":262,"column":45}},"262":{"start":{"line":263,"column":0},"end":{"line":263,"column":10}},"263":{"start":{"line":264,"column":0},"end":{"line":264,"column":147}},"264":{"start":{"line":265,"column":0},"end":{"line":265,"column":28}},"265":{"start":{"line":266,"column":0},"end":{"line":266,"column":26}},"266":{"start":{"line":267,"column":0},"end":{"line":267,"column":13}},"268":{"start":{"line":269,"column":0},"end":{"line":269,"column":1}}},"s":{"0":0,"1":0,"17":0,"19":0,"20":0,"21":0,"22":0,"23":0,"27":0,"28":0,"29":0,"31":0,"32":0,"33":0,"34":0,"38":0,"39":0,"40":0,"41":0,"42":0,"43":0,"44":0,"45":0,"46":0,"47":0,"48":0,"49":0,"50":0,"51":0,"52":0,"53":0,"54":0,"56":0,"58":0,"59":0,"61":0,"62":0,"63":0,"65":0,"66":0,"68":0,"69":0,"70":0,"73":0,"74":0,"77":0,"80":0,"81":0,"82":0,"83":0,"84":0,"85":0,"86":0,"87":0,"88":0,"89":0,"90":0,"92":0,"93":0,"94":0,"96":0,"97":0,"98":0,"101":0,"102":0,"103":0,"104":0,"105":0,"106":0,"107":0,"108":0,"109":0,"110":0,"111":0,"112":0,"113":0,"114":0,"115":0,"116":0,"117":0,"118":0,"119":0,"120":0,"122":0,"123":0,"124":0,"125":0,"126":0,"127":0,"128":0,"129":0,"130":0,"131":0,"132":0,"133":0,"134":0,"135":0,"136":0,"137":0,"138":0,"139":0,"140":0,"141":0,"142":0,"143":0,"145":0,"146":0,"147":0,"148":0,"149":0,"150":0,"151":0,"152":0,"153":0,"155":0,"156":0,"157":0,"158":0,"159":0,"161":0,"162":0,"163":0,"164":0,"167":0,"168":0,"169":0,"170":0,"171":0,"172":0,"173":0,"174":0,"175":0,"176":0,"178":0,"179":0,"180":0,"181":0,"182":0,"183":0,"184":0,"185":0,"186":0,"187":0,"188":0,"189":0,"190":0,"191":0,"192":0,"194":0,"195":0,"196":0,"197":0,"198":0,"199":0,"200":0,"201":0,"202":0,"203":0,"204":0,"205":0,"206":0,"207":0,"208":0,"209":0,"211":0,"213":0,"214":0,"216":0,"218":0,"219":0,"220":0,"221":0,"222":0,"223":0,"224":0,"226":0,"227":0,"230":0,"231":0,"232":0,"234":0,"235":0,"236":0,"237":0,"239":0,"240":0,"241":0,"242":0,"243":0,"245":0,"247":0,"248":0,"250":0,"252":0,"254":0,"255":0,"257":0,"261":0,"262":0,"263":0,"264":0,"265":0,"266":0,"268":0},"branchMap":{"0":{"type":"branch","line":1,"loc":{"start":{"line":1,"column":12311},"end":{"line":269,"column":1}},"locations":[{"start":{"line":1,"column":12311},"end":{"line":269,"column":1}}]}},"b":{"0":[0]},"fnMap":{"0":{"name":"(empty-report)","decl":{"start":{"line":1,"column":12311},"end":{"line":269,"column":1}},"loc":{"start":{"line":1,"column":12311},"end":{"line":269,"column":1}},"line":1}},"f":{"0":0}}
,"/app/frontend/src/pages/Analytics.jsx": {"path":"/app/frontend/src/pages/Analytics.jsx","all":true,"statementMap":{"0":{"start":{"line":1,"column":0},"end":{"line":1,"column":26}},"1":{"start":{"line":2,"column":0},"end":{"line":2,"column":9}},"10":{"start":{"line":11,"column":0},"end":{"line":11,"column":9}},"26":{"start":{"line":27,"column":0},"end":{"line":27,"column":20}},"27":{"start":{"line":28,"column":0},"end":{"line":28,"column":55}},"28":{"start":{"line":29,"column":0},"end":{"line":29,"column":54}},"29":{"start":{"line":30,"column":0},"end":{"line":30,"column":54}},"30":{"start":{"line":31,"column":0},"end":{"line":31,"column":54}},"31":{"start":{"line":32,"column":0},"end":{"line":32,"column":54}},"32":{"start":{"line":33,"column":0},"end":{"line":33,"column":2}},"34":{"start":{"line":35,"column":0},"end":{"line":35,"column":27}},"35":{"start":{"line":36,"column":0},"end":{"line":36,"column":66}},"36":{"start":{"line":37,"column":0},"end":{"line":37,"column":63}},"37":{"start":{"line":38,"column":0},"end":{"line":38,"column":62}},"38":{"start":{"line":39,"column":0},"end":{"line":39,"column":2}},"40":{"start":{"line":41,"column":0},"end":{"line":41,"column":27}},"41":{"start":{"line":42,"column":0},"end":{"line":42,"column":34}},"42":{"start":{"line":43,"column":0},"end":{"line":43,"column":35}},"43":{"start":{"line":44,"column":0},"end":{"line":44,"column":34}},"44":{"start":{"line":45,"column":0},"end":{"line":45,"column":2}},"46":{"start":{"line":47,"column":0},"end":{"line":47,"column":20}},"47":{"start":{"line":48,"column":0},"end":{"line":48,"column":35}},"48":{"start":{"line":49,"column":0},"end":{"line":49,"column":35}},"49":{"start":{"line":50,"column":0},"end":{"line":50,"column":34}},"50":{"start":{"line":51,"column":0},"end":{"line":51,"column":2}},"52":{"start":{"line":53,"column":0},"end":{"line":53,"column":25}},"53":{"start":{"line":54,"column":0},"end":{"line":54,"column":90}},"54":{"start":{"line":55,"column":0},"end":{"line":55,"column":88}},"55":{"start":{"line":56,"column":0},"end":{"line":56,"column":89}},"56":{"start":{"line":57,"column":0},"end":{"line":57,"column":88}},"57":{"start":{"line":58,"column":0},"end":{"line":58,"column":2}},"59":{"start":{"line":60,"column":0},"end":{"line":60,"column":37}},"60":{"start":{"line":61,"column":0},"end":{"line":61,"column":10}},"61":{"start":{"line":62,"column":0},"end":{"line":62,"column":63}},"64":{"start":{"line":65,"column":0},"end":{"line":65,"column":87}},"65":{"start":{"line":66,"column":0},"end":{"line":66,"column":13}},"66":{"start":{"line":67,"column":0},"end":{"line":67,"column":83}},"67":{"start":{"line":68,"column":0},"end":{"line":68,"column":106}},"68":{"start":{"line":69,"column":0},"end":{"line":69,"column":14}},"69":{"start":{"line":70,"column":0},"end":{"line":70,"column":49}},"70":{"start":{"line":71,"column":0},"end":{"line":71,"column":186}},"71":{"start":{"line":72,"column":0},"end":{"line":72,"column":34}},"73":{"start":{"line":74,"column":0},"end":{"line":74,"column":19}},"74":{"start":{"line":75,"column":0},"end":{"line":75,"column":168}},"75":{"start":{"line":76,"column":0},"end":{"line":76,"column":34}},"77":{"start":{"line":78,"column":0},"end":{"line":78,"column":19}},"78":{"start":{"line":79,"column":0},"end":{"line":79,"column":14}},"79":{"start":{"line":80,"column":0},"end":{"line":80,"column":12}},"82":{"start":{"line":83,"column":0},"end":{"line":83,"column":61}},"85":{"start":{"line":86,"column":0},"end":{"line":86,"column":93}},"86":{"start":{"line":87,"column":0},"end":{"line":87,"column":107}},"87":{"start":{"line":88,"column":0},"end":{"line":88,"column":53}},"88":{"start":{"line":89,"column":0},"end":{"line":89,"column":139}},"89":{"start":{"line":90,"column":0},"end":{"line":90,"column":16}},"90":{"start":{"line":91,"column":0},"end":{"line":91,"column":84}},"91":{"start":{"line":92,"column":0},"end":{"line":92,"column":55}},"93":{"start":{"line":94,"column":0},"end":{"line":94,"column":16}},"94":{"start":{"line":95,"column":0},"end":{"line":95,"column":14}},"97":{"start":{"line":98,"column":0},"end":{"line":98,"column":93}},"98":{"start":{"line":99,"column":0},"end":{"line":99,"column":99}},"99":{"start":{"line":100,"column":0},"end":{"line":100,"column":53}},"100":{"start":{"line":101,"column":0},"end":{"line":101,"column":77}},"101":{"start":{"line":102,"column":0},"end":{"line":102,"column":72}},"102":{"start":{"line":103,"column":0},"end":{"line":103,"column":16}},"103":{"start":{"line":104,"column":0},"end":{"line":104,"column":79}},"104":{"start":{"line":105,"column":0},"end":{"line":105,"column":48}},"106":{"start":{"line":107,"column":0},"end":{"line":107,"column":16}},"107":{"start":{"line":108,"column":0},"end":{"line":108,"column":14}},"110":{"start":{"line":111,"column":0},"end":{"line":111,"column":93}},"111":{"start":{"line":112,"column":0},"end":{"line":112,"column":104}},"112":{"start":{"line":113,"column":0},"end":{"line":113,"column":53}},"113":{"start":{"line":114,"column":0},"end":{"line":114,"column":77}},"114":{"start":{"line":115,"column":0},"end":{"line":115,"column":72}},"115":{"start":{"line":116,"column":0},"end":{"line":116,"column":16}},"116":{"start":{"line":117,"column":0},"end":{"line":117,"column":84}},"117":{"start":{"line":118,"column":0},"end":{"line":118,"column":79}},"118":{"start":{"line":119,"column":0},"end":{"line":119,"column":16}},"119":{"start":{"line":120,"column":0},"end":{"line":120,"column":14}},"120":{"start":{"line":121,"column":0},"end":{"line":121,"column":12}},"123":{"start":{"line":124,"column":0},"end":{"line":124,"column":61}},"126":{"start":{"line":127,"column":0},"end":{"line":127,"column":107}},"127":{"start":{"line":128,"column":0},"end":{"line":128,"column":65}},"128":{"start":{"line":129,"column":0},"end":{"line":129,"column":17}},"129":{"start":{"line":130,"column":0},"end":{"line":130,"column":93}},"130":{"start":{"line":131,"column":0},"end":{"line":131,"column":105}},"131":{"start":{"line":132,"column":0},"end":{"line":132,"column":18}},"132":{"start":{"line":133,"column":0},"end":{"line":133,"column":40}},"133":{"start":{"line":134,"column":0},"end":{"line":134,"column":116}},"134":{"start":{"line":135,"column":0},"end":{"line":135,"column":52}},"135":{"start":{"line":136,"column":0},"end":{"line":136,"column":24}},"136":{"start":{"line":137,"column":0},"end":{"line":137,"column":107}},"137":{"start":{"line":138,"column":0},"end":{"line":138,"column":18}},"138":{"start":{"line":139,"column":0},"end":{"line":139,"column":16}},"140":{"start":{"line":141,"column":0},"end":{"line":141,"column":44}},"141":{"start":{"line":142,"column":0},"end":{"line":142,"column":60}},"142":{"start":{"line":143,"column":0},"end":{"line":143,"column":43}},"143":{"start":{"line":144,"column":0},"end":{"line":144,"column":22}},"144":{"start":{"line":145,"column":0},"end":{"line":145,"column":80}},"145":{"start":{"line":146,"column":0},"end":{"line":146,"column":77}},"146":{"start":{"line":147,"column":0},"end":{"line":147,"column":76}},"147":{"start":{"line":148,"column":0},"end":{"line":148,"column":35}},"148":{"start":{"line":149,"column":0},"end":{"line":149,"column":23}},"149":{"start":{"line":150,"column":0},"end":{"line":150,"column":89}},"150":{"start":{"line":151,"column":0},"end":{"line":151,"column":121}},"151":{"start":{"line":152,"column":0},"end":{"line":152,"column":98}},"152":{"start":{"line":153,"column":0},"end":{"line":153,"column":25}},"153":{"start":{"line":154,"column":0},"end":{"line":154,"column":115}},"154":{"start":{"line":155,"column":0},"end":{"line":155,"column":18}},"155":{"start":{"line":156,"column":0},"end":{"line":156,"column":133}},"156":{"start":{"line":157,"column":0},"end":{"line":157,"column":26}},"157":{"start":{"line":158,"column":0},"end":{"line":158,"column":34}},"158":{"start":{"line":159,"column":0},"end":{"line":159,"column":16}},"159":{"start":{"line":160,"column":0},"end":{"line":160,"column":14}},"162":{"start":{"line":163,"column":0},"end":{"line":163,"column":35}},"165":{"start":{"line":166,"column":0},"end":{"line":166,"column":95}},"166":{"start":{"line":167,"column":0},"end":{"line":167,"column":95}},"167":{"start":{"line":168,"column":0},"end":{"line":168,"column":104}},"169":{"start":{"line":170,"column":0},"end":{"line":170,"column":63}},"170":{"start":{"line":171,"column":0},"end":{"line":171,"column":50}},"172":{"start":{"line":173,"column":0},"end":{"line":173,"column":112}},"173":{"start":{"line":174,"column":0},"end":{"line":174,"column":88}},"174":{"start":{"line":175,"column":0},"end":{"line":175,"column":72}},"175":{"start":{"line":176,"column":0},"end":{"line":176,"column":22}},"176":{"start":{"line":177,"column":0},"end":{"line":177,"column":64}},"177":{"start":{"line":178,"column":0},"end":{"line":178,"column":28}},"178":{"start":{"line":179,"column":0},"end":{"line":179,"column":24}},"179":{"start":{"line":180,"column":0},"end":{"line":180,"column":46}},"180":{"start":{"line":181,"column":0},"end":{"line":181,"column":38}},"181":{"start":{"line":182,"column":0},"end":{"line":182,"column":38}},"182":{"start":{"line":183,"column":0},"end":{"line":183,"column":38}},"183":{"start":{"line":184,"column":0},"end":{"line":184,"column":37}},"184":{"start":{"line":185,"column":0},"end":{"line":185,"column":35}},"186":{"start":{"line":187,"column":0},"end":{"line":187,"column":64}},"187":{"start":{"line":188,"column":0},"end":{"line":188,"column":73}},"188":{"start":{"line":189,"column":0},"end":{"line":189,"column":25}},"189":{"start":{"line":190,"column":0},"end":{"line":190,"column":26}},"190":{"start":{"line":191,"column":0},"end":{"line":191,"column":29}},"191":{"start":{"line":192,"column":0},"end":{"line":192,"column":38}},"192":{"start":{"line":193,"column":0},"end":{"line":193,"column":20}},"195":{"start":{"line":196,"column":0},"end":{"line":196,"column":41}},"196":{"start":{"line":197,"column":0},"end":{"line":197,"column":53}},"197":{"start":{"line":198,"column":0},"end":{"line":198,"column":90}},"198":{"start":{"line":199,"column":0},"end":{"line":199,"column":62}},"199":{"start":{"line":200,"column":0},"end":{"line":200,"column":107}},"200":{"start":{"line":201,"column":0},"end":{"line":201,"column":73}},"201":{"start":{"line":202,"column":0},"end":{"line":202,"column":27}},"202":{"start":{"line":203,"column":0},"end":{"line":203,"column":83}},"203":{"start":{"line":204,"column":0},"end":{"line":204,"column":24}},"204":{"start":{"line":205,"column":0},"end":{"line":205,"column":19}},"205":{"start":{"line":206,"column":0},"end":{"line":206,"column":20}},"206":{"start":{"line":207,"column":0},"end":{"line":207,"column":18}},"207":{"start":{"line":208,"column":0},"end":{"line":208,"column":16}},"210":{"start":{"line":211,"column":0},"end":{"line":211,"column":95}},"211":{"start":{"line":212,"column":0},"end":{"line":212,"column":107}},"212":{"start":{"line":213,"column":0},"end":{"line":213,"column":39}},"213":{"start":{"line":214,"column":0},"end":{"line":214,"column":48}},"214":{"start":{"line":215,"column":0},"end":{"line":215,"column":83}},"215":{"start":{"line":216,"column":0},"end":{"line":216,"column":60}},"216":{"start":{"line":217,"column":0},"end":{"line":217,"column":155}},"217":{"start":{"line":218,"column":0},"end":{"line":218,"column":68}},"218":{"start":{"line":219,"column":0},"end":{"line":219,"column":25}},"219":{"start":{"line":220,"column":0},"end":{"line":220,"column":78}},"220":{"start":{"line":221,"column":0},"end":{"line":221,"column":22}},"221":{"start":{"line":222,"column":0},"end":{"line":222,"column":17}},"222":{"start":{"line":223,"column":0},"end":{"line":223,"column":18}},"223":{"start":{"line":224,"column":0},"end":{"line":224,"column":16}},"226":{"start":{"line":227,"column":0},"end":{"line":227,"column":96}},"227":{"start":{"line":228,"column":0},"end":{"line":228,"column":107}},"228":{"start":{"line":229,"column":0},"end":{"line":229,
[...]
,"column":0},"end":{"line":232,"column":19}},"232":{"start":{"line":233,"column":0},"end":{"line":233,"column":107}},"233":{"start":{"line":234,"column":0},"end":{"line":234,"column":123}},"234":{"start":{"line":235,"column":0},"end":{"line":235,"column":20}},"235":{"start":{"line":236,"column":0},"end":{"line":236,"column":18}},"237":{"start":{"line":238,"column":0},"end":{"line":238,"column":126}},"238":{"start":{"line":239,"column":0},"end":{"line":239,"column":62}},"240":{"start":{"line":241,"column":0},"end":{"line":241,"column":18}},"241":{"start":{"line":242,"column":0},"end":{"line":242,"column":16}},"244":{"start":{"line":245,"column":0},"end":{"line":245,"column":20}},"245":{"start":{"line":246,"column":0},"end":{"line":246,"column":93}},"246":{"start":{"line":247,"column":0},"end":{"line":247,"column":70}},"247":{"start":{"line":248,"column":0},"end":{"line":248,"column":66}},"249":{"start":{"line":250,"column":0},"end":{"line":250,"column":48}},"250":{"start":{"line":251,"column":0},"end":{"line":251,"column":25}},"251":{"start":{"line":252,"column":0},"end":{"line":252,"column":33}},"252":{"start":{"line":253,"column":0},"end":{"line":253,"column":70}},"253":{"start":{"line":254,"column":0},"end":{"line":254,"column":93}},"255":{"start":{"line":256,"column":0},"end":{"line":256,"column":30}},"256":{"start":{"line":257,"column":0},"end":{"line":257,"column":27}},"257":{"start":{"line":258,"column":0},"end":{"line":258,"column":19}},"259":{"start":{"line":260,"column":0},"end":{"line":260,"column":23}},"260":{"start":{"line":261,"column":0},"end":{"line":261,"column":48}},"261":{"start":{"line":262,"column":0},"end":{"line":262,"column":51}},"262":{"start":{"line":263,"column":0},"end":{"line":263,"column":17}},"264":{"start":{"line":265,"column":0},"end":{"line":265,"column":25}},"265":{"start":{"line":266,"column":0},"end":{"line":266,"column":20}},"266":{"start":{"line":267,"column":0},"end":{"line":267,"column":18}},"269":{"start":{"line":270,"column":0},"end":{"line":270,"column":95}},"270":{"start":{"line":271,"column":0},"end":{"line":271,"column":62}},"271":{"start":{"line":272,"column":0},"end":{"line":272,"column":19}},"272":{"start":{"line":273,"column":0},"end":{"line":273,"column":80}},"273":{"start":{"line":274,"column":0},"end":{"line":274,"column":84}},"275":{"start":{"line":276,"column":0},"end":{"line":276,"column":20}},"276":{"start":{"line":277,"column":0},"end":{"line":277,"column":20}},"278":{"start":{"line":279,"column":0},"end":{"line":279,"column":21}},"279":{"start":{"line":280,"column":0},"end":{"line":280,"column":45}},"280":{"start":{"line":281,"column":0},"end":{"line":281,"column":182}},"282":{"start":{"line":283,"column":0},"end":{"line":283,"column":34}},"284":{"start":{"line":285,"column":0},"end":{"line":285,"column":23}},"285":{"start":{"line":286,"column":0},"end":{"line":286,"column":18}},"288":{"start":{"line":289,"column":0},"end":{"line":289,"column":50}},"289":{"start":{"line":290,"column":0},"end":{"line":290,"column":44}},"290":{"start":{"line":291,"column":0},"end":{"line":291,"column":20}},"291":{"start":{"line":292,"column":0},"end":{"line":292,"column":31}},"292":{"start":{"line":293,"column":0},"end":{"line":293,"column":56}},"293":{"start":{"line":294,"column":0},"end":{"line":294,"column":173}},"295":{"start":{"line":296,"column":0},"end":{"line":296,"column":63}},"296":{"start":{"line":297,"column":0},"end":{"line":297,"column":28}},"297":{"start":{"line":298,"column":0},"end":{"line":298,"column":32}},"298":{"start":{"line":299,"column":0},"end":{"line":299,"column":68}},"301":{"start":{"line":302,"column":0},"end":{"line":302,"column":46}},"302":{"start":{"line":303,"column":0},"end":{"line":303,"column":45}},"303":{"start":{"line":304,"column":0},"end":{"line":304,"column":42}},"304":{"start":{"line":305,"column":0},"end":{"line":305,"column":78}},"305":{"start":{"line":306,"column":0},"end":{"line":306,"column":60}},"306":{"start":{"line":307,"column":0},"end":{"line":307,"column":22}},"307":{"start":{"line":308,"column":0},"end":{"line":308,"column":190}},"308":{"start":{"line":309,"column":0},"end":{"line":309,"column":31}},"310":{"start":{"line":311,"column":0},"end":{"line":311,"column":22}},"311":{"start":{"line":312,"column":0},"end":{"line":312,"column":17}},"312":{"start":{"line":313,"column":0},"end":{"line":313,"column":18}},"313":{"start":{"line":314,"column":0},"end":{"line":314,"column":16}},"314":{"start":{"line":315,"column":0},"end":{"line":315,"column":14}},"315":{"start":{"line":316,"column":0},"end":{"line":316,"column":13}},"317":{"start":{"line":318,"column":0},"end":{"line":318,"column":10}},"319":{"start":{"line":320,"column":0},"end":{"line":320,"column":1}}},"s":{"0":0,"1":0,"2":0,"3":0,"5":0,"20":0,"21":0,"22":0,"23":0,"25":0,"26":0,"27":0,"29":0,"30":0,"31":0,"32":0,"33":0,"35":0,"36":0,"37":0,"38":0,"39":0,"41":0,"42":0,"44":0,"45":0,"46":0,"47":0,"48":0,"49":0,"51":0,"52":0,"53":0,"54":0,"55":0,"56":0,"57":0,"59":0,"60":0,"61":0,"62":0,"63":0,"64":0,"65":0,"69":0,"70":0,"71":0,"72":0,"73":0,"76":0,"80":0,"81":0,"84":0,"88":0,"89":0,"92":0,"93":0,"94":0,"95":0,"96":0,"97":0,"98":0,"99":0,"100":0,"103":0,"104":0,"106":0,"107":0,"108":0,"109":0,"110":0,"111":0,"112":0,"113":0,"114":0,"115":0,"116":0,"117":0,"120":0,"121":0,"122":0,"123":0,"124":0,"125":0,"126":0,"127":0,"128":0,"129":0,"131":0,"132":0,"134":0,"135":0,"136":0,"137":0,"138":0,"139":0,"140":0,"141":0,"142":0,"143":0,"144":0,"145":0,"146":0,"147":0,"148":0,"149":0,"150":0,"152":0,"153":0,"154":0,"155":0,"156":0,"157":0,"158":0,"159":0,"160":0,"161":0,"162":0,"166":0,"167":0,"168":0,"169":0,"170":0,"172":0,"173":0,"174":0,"175":0,"176":0,"177":0,"178":0,"179":0,"180":0,"182":0,"183":0,"184":0,"185":0,"187":0,"188":0,"190":0,"191":0,"192":0,"194":0,"196":0,"199":0,"200":0,"202":0,"203":0,"206":0,"207":0,"208":0,"209":0,"210":0,"212":0,"213":0,"214":0,"215":0,"216":0,"217":0,"218":0,"219":0,"220":0,"221":0,"223":0,"224":0,"226":0,"227":0,"228":0,"229":0,"230":0,"231":0,"232":0,"233":0,"234":0,"235":0,"237":0,"238":0,"240":0,"241":0,"244":0,"245":0,"246":0,"247":0,"249":0,"250":0,"251":0,"252":0,"253":0,"255":0,"256":0,"257":0,"259":0,"260":0,"261":0,"262":0,"264":0,"265":0,"266":0,"269":0,"270":0,"271":0,"272":0,"273":0,"275":0,"276":0,"278":0,"279":0,"280":0,"282":0,"284":0,"285":0,"288":0,"289":0,"290":0,"291":0,"292":0,"293":0,"295":0,"296":0,"297":0,"298":0,"301":0,"302":0,"303":0,"304":0,"305":0,"306":0,"307":0,"308":0,"310":0,"311":0,"312":0,"313":0,"314":0,"315":0,"317":0,"319":0},"branchMap":{"0":{"type":"branch","line":1,"loc":{"start":{"line":1,"column":12969},"end":{"line":320,"column":1}},"locations":[{"start":{"line":1,"column":12969},"end":{"line":320,"column":1}}]}},"b":{"0":[0]},"fnMap":{"0":{"name":"(empty-report)","decl":{"start":{"line":1,"column":12969},"end":{"line":320,"column":1}},"loc":{"start":{"line":1,"column":12969},"end":{"line":320,"column":1}},"line":1}},"f":{"0":0}}
,"/app/frontend/src/students/pages/StudentSubjects.jsx": {"path":"/app/frontend/src/students/pages/StudentSubjects.jsx","all":true,"statementMap":{"0":{"start":{"line":1,"column":0},"end":{"line":1,"column":51}},"1":{"start":{"line":2,"column":0},"end":{"line":2,"column":75}},"2":{"start":{"line":3,"column":0},"end":{"line":3,"column":64}},"3":{"start":{"line":4,"column":0},"end":{"line":4,"column":53}},"5":{"start":{"line":6,"column":0},"end":{"line":6,"column":43}},"6":{"start":{"line":7,"column":0},"end":{"line":7,"column":47}},"7":{"start":{"line":8,"column":0},"end":{"line":8,"column":47}},"8":{"start":{"line":9,"column":0},"end":{"line":9,"column":43}},"10":{"start":{"line":11,"column":0},"end":{"line":11,"column":19}},"11":{"start":{"line":12,"column":0},"end":{"line":12,"column":31}},"12":{"start":{"line":13,"column":0},"end":{"line":13,"column":11}},"13":{"start":{"line":14,"column":0},"end":{"line":14,"column":25}},"14":{"start":{"line":15,"column":0},"end":{"line":15,"column":45}},"17":{"start":{"line":18,"column":0},"end":{"line":18,"column":45}},"19":{"start":{"line":20,"column":0},"end":{"line":20,"column":42}},"20":{"start":{"line":21,"column":0},"end":{"line":21,"column":39}},"21":{"start":{"line":22,"column":0},"end":{"line":22,"column":45}},"23":{"start":{"line":24,"column":0},"end":{"line":24,"column":34}},"24":{"start":{"line":25,"column":0},"end":{"line":25,"column":62}},"25":{"start":{"line":26,"column":0},"end":{"line":26,"column":42}},"26":{"start":{"line":27,"column":0},"end":{"line":27,"column":46}},"27":{"start":{"line":28,"column":0},"end":{"line":28,"column":51}},"30":{"start":{"line":31,"column":0},"end":{"line":31,"column":62}},"31":{"start":{"line":32,"column":0},"end":{"line":32,"column":67}},"34":{"start":{"line":35,"column":0},"end":{"line":35,"column":25}},"35":{"start":{"line":36,"column":0},"end":{"line":36,"column":32}},"36":{"start":{"line":37,"column":0},"end":{"line":37,"column":55}},"37":{"start":{"line":38,"column":0},"end":{"line":38,"column":38}},"44":{"start":{"line":45,"column":0},"end":{"line":45,"column":64}},"45":{"start":{"line":46,"column":0},"end":{"line":46,"column":34}},"46":{"start":{"line":47,"column":0},"end":{"line":47,"column":60}},"47":{"start":{"line":48,"column":0},"end":{"line":48,"column":42}},"49":{"start":{"line":50,"column":0},"end":{"line":50,"column":32}},"50":{"start":{"line":51,"column":0},"end":{"line":51,"column":39}},"51":{"start":{"line":52,"column":0},"end":{"line":52,"column":57}},"52":{"start":{"line":53,"column":0},"end":{"line":53,"column":39}},"53":{"start":{"line":54,"column":0},"end":{"line":54,"column":51}},"54":{"start":{"line":55,"column":0},"end":{"line":55,"column":11}},"56":{"start":{"line":57,"column":0},"end":{"line":57,"column":18}},"57":{"start":{"line":58,"column":0},"end":{"line":58,"column":19}},"58":{"start":{"line":59,"column":0},"end":{"line":59,"column":19}},"59":{"start":{"line":60,"column":0},"end":{"line":60,"column":24}},"60":{"start":{"line":61,"column":0},"end":{"line":61,"column":21}},"61":{"start":{"line":62,"column":0},"end":{"line":62,"column":20}},"62":{"start":{"line":63,"column":0},"end":{"line":63,"column":21}},"63":{"start":{"line":64,"column":0},"end":{"line":64,"column":12}},"64":{"start":{"line":65,"column":0},"end":{"line":65,"column":11}},"66":{"start":{"line":67,"column":0},"end":{"line":67,"column":33}},"67":{"start":{"line":68,"column":0},"end":{"line":68,"column":21}},"68":{"start":{"line":69,"column":0},"end":{"line":69,"column":54}},"69":{"start":{"line":70,"column":0},"end":{"line":70,"column":44}},"70":{"start":{"line":71,"column":0},"end":{"line":71,"column":17}},"71":{"start":{"line":72,"column":0},"end":{"line":72,"column":26}},"72":{"start":{"line":73,"column":0},"end":{"line":73,"column":7}},"73":{"start":{"line":74,"column":0},"end":{"line":74,"column":5}},"75":{"start":{"line":76,"column":0},"end":{"line":76,"column":15}},"76":{"start":{"line":77,"column":0},"end":{"line":77,"column":9}},"78":{"start":{"line":79,"column":0},"end":{"line":79,"column":16}},"79":{"start":{"line":80,"column":0},"end":{"line":80,"column":13}},"80":{"start":{"line":81,"column":0},"end":{"line":81,"column":84}},"81":{"start":{"line":82,"column":0},"end":{"line":82,"column":96}},"82":{"start":{"line":83,"column":0},"end":{"line":83,"column":14}},"84":{"start":{"line":85,"column":0},"end":{"line":85,"column":3}},"86":{"start":{"line":87,"column":0},"end":{"line":87,"column":10}},"87":{"start":{"line":88,"column":0},"end":{"line":88,"column":47}},"89":{"start":{"line":90,"column":0},"end":{"line":90,"column":49}},"92":{"start":{"line":93,"column":0},"end":{"line":93,"column":90}},"93":{"start":{"line":94,"column":0},"end":{"line":94,"column":53}},"96":{"start":{"line":97,"column":0},"end":{"line":97,"column":56}},"97":{"start":{"line":98,"column":0},"end":{"line":98,"column":99}},"98":{"start":{"line":99,"column":0},"end":{"line":99,"column":37}},"99":{"start":{"line":100,"column":0},"end":{"line":100,"column":21}},"100":{"start":{"line":101,"column":0},"end":{"line":101,"column":17}},"101":{"start":{"line":102,"column":0},"end":{"line":102,"column":77}},"102":{"start":{"line":103,"column":0},"end":{"line":103,"column":86}},"103":{"start":{"line":104,"column":0},"end":{"line":104,"column":18}},"104":{"start":{"line":105,"column":0},"end":{"line":105,"column":16}},"106":{"start":{"line":107,"column":0},"end":{"line":107,"column":21}},"107":{"start":{"line":108,"column":0},"end":{"line":108,"column":69}},"108":{"start":{"line":109,"column":0},"end":{"line":109,"column":22}},"109":{"start":{"line":110,"column":0},"end":{"line":110,"column":18}},"113":{"start":{"line":114,"column":0},"end":{"line":114,"column":37}},"114":{"start":{"line":115,"column":0},"end":{"line":115,"column":38}},"115":{"start":{"line":116,"column":0},"end":{"line":116,"column":107}},"117":{"start":{"line":118,"column":0},"end":{"line":118,"column":21}},"119":{"start":{"line":120,"column":0},"end":{"line":120,"column":39}},"120":{"start":{"line":121,"column":0},"end":{"line":121,"column":136}},"123":{"start":{"line":124,"column":0},"end":{"line":124,"column":71}},"124":{"start":{"line":125,"column":0},"end":{"line":125,"column":86}},"125":{"start":{"line":126,"column":0},"end":{"line":126,"column":109}},"126":{"start":{"line":127,"column":0},"end":{"line":127,"column":30}},"127":{"start":{"line":128,"column":0},"end":{"line":128,"column":25}},"128":{"start":{"line":129,"column":0},"end":{"line":129,"column":22}},"131":{"start":{"line":132,"column":0},"end":{"line":132,"column":69}},"132":{"start":{"line":133,"column":0},"end":{"line":133,"column":88}},"133":{"start":{"line":134,"column":0},"end":{"line":134,"column":93}},"134":{"start":{"line":135,"column":0},"end":{"line":135,"column":22}},"137":{"start":{"line":138,"column":0},"end":{"line":138,"column":90}},"138":{"start":{"line":139,"column":0},"end":{"line":139,"column":23}},"139":{"start":{"line":140,"column":0},"end":{"line":140,"column":98}},"140":{"start":{"line":141,"column":0},"end":{"line":141,"column":59}},"141":{"start":{"line":142,"column":0},"end":{"line":142,"column":25}},"142":{"start":{"line":143,"column":0},"end":{"line":143,"column":22}},"145":{"start":{"line":146,"column":0},"end":{"line":146,"column":71}},"146":{"start":{"line":147,"column":0},"end":{"line":147,"column":45}},"147":{"start":{"line":148,"column":0},"end":{"line":148,"column":70}},"148":{"start":{"line":149,"column":0},"end":{"line":149,"column":86}},"149":{"start":{"line":150,"column":0},"end":{"line":150,"column":24}},"150":{"start":{"line":151,"column":0},"end":{"line":151,"column":117}},"151":{"start":{"line":152,"column":0},"end":{"line":152,"column":34}},"152":{"start":{"line":153,"column":0},"end":{"line":153,"column":27}},"153":{"start":{"line":154,"column":0},"end":{"line":154,"column":24}},"154":{"start":{"line":155,"column":0},"end":{"line":155,"column":87}},"155":{"start":{"line":156,"column":0},"end":{"line":156,"column":22}},"157":{"start":{"line":158,"column":0},"end":{"line":158,"column":20}},"158":{"start":{"line":159,"column":0},"end":{"line":159,"column":14}},"160":{"start":{"line":161,"column":0},"end":{"line":161,"column":16}},"162":{"start":{"line":163,"column":0},"end":{"line":163,"column":14}},"163":{"start":{"line":164,"column":0},"end":{"line":164,"column":13}},"164":{"start":{"line":165,"column":0},"end":{"line":165,"column":10}},"166":{"start":{"line":167,"column":0},"end":{"line":167,"column":1}}},"s":{"0":0,"1":0,"2":0,"3":0,"5":0,"6":0,"7":0,"8":0,"10":0,"11":0,"12":0,"13":0,"14":0,"17":0,"19":0,"20":0,"21":0,"23":0,"24":0,"25":0,"26":0,"27":0,"30":0,"31":0,"34":0,"35":0,"36":0,"37":0,"44":0,"45":0,"46":0,"47":0,"49":0,"50":0,"51":0,"52":0,"53":0,"54":0,"56":0,"57":0,"58":0,"59":0,"60":0,"61":0,"62":0,"63":0,"64":0,"66":0,"67":0,"68":0,"69":0,"70":0,"71":0,"72":0,"73":0,"75":0,"76":0,"78":0,"79":0,"80":0,"81":0,"82":0,"84":0,"86":0,"87":0,"89":0,"92":0,"93":0,"96":0,"97":0,"98":0,"99":0,"100":0,"101":0,"102":0,"103":0,"104":0,"106":0,"107":0,"108":0,"109":0,"113":0,"114":0,"115":0,"117":0,"119":0,"120":0,"123":0,"124":0,"125":0,"126":0,"127":0,"128":0,"131":0,"132":0,"133":0,"134":0,"137":0,"138":0,"139":0,"140":0,"141":0,"142":0,"145":0,"146":0,"147":0,"148":0,"149":0,"150":0,"151":0,"152":0,"153":0,"154":0,"155":0,"157":0,"158":0,"160":0,"162":0,"163":0,"164":0,"166":0},"branchMap":{"0":{"type":"branch","line":1,"loc":{"start":{"line":1,"column":6107},"end":{"line":167,"column":1}},"locations":[{"start":{"line":1,"column":6107},"end":{"line":167,"column":1}}]}},"b":{"0":[0]},"fnMap":{"0":{"name":"(empty-report)","decl":{"start":{"line":1,"column":6107},"end":{"line":167,"column":1}},"loc":{"start":{"line":1,"column":6107},"end":{"line":167,"column":1}},"line":1}},"f":{"0":0}}
,"/app/frontend/src/theme/ThemeContext.jsx": {"path":"/app/frontend/src/theme/ThemeContext.jsx","all":true,"statementMap":{"1":{"start":{"line":2,"column":0},"end":{"line":2,"column":78}},"3":{"start":{"line":4,"column":0},"end":{"line":4,"column":37}},"4":{"start":{"line":5,"column":0},"end":{"line":5,"column":43}},"5":{"start":{"line":6,"column":0},"end":{"line":6,"column":52}},"7":{"start":{"line":8,"column":0},"end":{"line":8,"column":45}},"8":{"start":{"line":9,"column":0},"end":{"line":9,"column":44}},"9":{"start":{"line":10,"column":0},"end":{"line":10,"column":9}},"10":{"start":{"line":11,"column":0},"end":{"line":11,"column":48}},"11":{"start":{"line":12,"column":0},"end":{"line":12,"column":46}},"13":{"start":{"line":14,"column":0},"end":{"line":14,"column":13}},"14":{"start":{"line":15,"column":0},"end":{"line":15,"column":21}},"15":{"start":{"line":16,"column":0},"end":{"line":16,"column":5}},"16":{"start":{"line":17,"column":0},"end":{"line":17,"column":5}},"18":{"start":{"line":19,"column":0},"end":{"line":19,"column":19}},"19":{"start":{"line":20,"column":0},"end":{"line":20,"column":63}},"20":{"start":{"line":21,"column":0},"end":{"line":21,"column":9}},"21":{"start":{"line":22,"column":0},"end":{"line":22,"column":45}},"22":{"start":{"line":23,"column":0},"end":{"line":23,"column":13}},"24":{"start":{"line":25,"column":0},"end":{"line":25,"column":5}},"25":{"start":{"line":26,"column":0},"end":{"line":26,"column":14}},"27":{"start":{"line":28,"column":0},"end":{"line":28,"column":30}},"28":{"start":{"line":29,"column":0},"end":{"line":29,"column":23}},"29":{"start":{"line":30,"column":0},"end":{"line":30,"column":58}},"31":{"start":{"line":32,"column":0},"end":{"line":32,"column":39}},"32":{"start":{"line":33,"column":0},"end":{"line":33,"column":66}},"33":{"start":{"line":34,"column":0},"end":{"line":34,"column":30}},"34":{"start":{"line":35,"column":0},"end":{"line":35,"column":7}},"35":{"start":{"line":36,"column":0},"end":{"line":36,"column":3}},"37":{"start":{"line":38,"column":0},"end":{"line":38,"column":17}},"38":{"start":{"line":39,"column":0},"end":{"line":39,"column":10}},"39":{"start":{"line":40,"column":0},"end":{"line":40,"column":13}},"40":{"start":{"line":41,"column":0},"end":{"line":41,"column":10}},"41":{"start":{"line":42,"column":0},"end":{"line":42,"column":4}},"43":{"start":{"line":44,"column":0},"end":{"line":44,"column":81}},"44":{"start":{"line":45,"column":0},"end":{"line":45,"column":1}},"47":{"start":{"line":48,"column":0},"end":{"line":48,"column":55}}},"s":{"1":0,"3":0,"4":0,"5":0,"7":0,"8":0,"9":0,"10":0,"11":0,"13":0,"14":0,"15":0,"16":0,"18":0,"19":0,"20":0,"21":0,"22":0,"24":0,"25":0,"27":0,"28":0,"29":0,"31":0,"32":0,"33":0,"34":0,"35":0,"37":0,"38":0,"39":0,"40":0,"41":0,"43":0,"44":0,"47":0},"branchMap":{"0":{"type":"branch","line":1,"loc":{"start":{"line":1,"column":1225},"end":{"line":48,"column":55}},"locations":[{"start":{"line":1,"column":1225},"end":{"line":48,"column":55}}]}},"b":{"0":[1]},"fnMap":{"0":{"name":"(empty-report)","decl":{"start":{"line":1,"column":1225},"end":{"line":48,"column":55}},"loc":{"start":{"line":1,"column":1225},"end":{"line":48,"column":55}},"line":1}},"f":{"0":1}}
}
